#
# There is insufficient memory for the Java Runtime Environment to continue.
# Native memory allocation (malloc) failed to allocate 1153296 bytes. Error detail: Chunk::new
# Possible reasons:
#   The system is out of physical RAM or swap space
#   This process is running with CompressedOops enabled, and the Java Heap may be blocking the growth of the native heap
# Possible solutions:
#   Reduce memory load on the system
#   Increase physical memory or swap space
#   Check if swap backing store is full
#   Decrease Java heap size (-Xmx/-Xms)
#   Decrease number of Java threads
#   Decrease Java thread stack sizes (-Xss)
#   Set larger code cache with -XX:ReservedCodeCacheSize=
#   JVM is running with Unscaled Compressed Oops mode in which the Java heap is
#     placed in the first 4GB address space. The Java Heap base address is the
#     maximum limit for the native heap growth. Please use -XX:HeapBaseMinAddress
#     to set the Java Heap base and to place the Java Heap above 4GB virtual address.
# This output file may be truncated or incomplete.
#
#  Out of Memory Error (arena.cpp:168), pid=16424, tid=18980
#
# JRE version: OpenJDK Runtime Environment Temurin-21.0.8+9 (21.0.8+9) (build 21.0.8+9-LTS)
# Java VM: OpenJDK 64-Bit Server VM Temurin-21.0.8+9 (21.0.8+9-LTS, mixed mode, sharing, tiered, compressed oops, compressed class ptrs, g1 gc, windows-amd64)
# No core dump will be written. Minidumps are not enabled by default on client versions of Windows
#

---------------  S U M M A R Y ------------

Command Line: -Dfile.encoding=UTF-8 -Dstdout.encoding=UTF-8 -Dstderr.encoding=UTF-8 -XX:+ShowCodeDetailsInExceptionMessages com.anuj.EcommerceApplication

Host: AMD Ryzen 5 5600H with Radeon Graphics         , 12 cores, 7G,  Windows 11 , 64 bit Build 26100 (10.0.26100.7705)
Time: Sun Feb 15 14:16:23 2026 India Standard Time elapsed time: 602.319123 seconds (0d 0h 10m 2s)

---------------  T H R E A D  ---------------

Current thread (0x000001ea57951440):  JavaThread "C2 CompilerThread0" daemon [_thread_in_native, id=18980, stack(0x0000002cc5e00000,0x0000002cc5f00000) (1024K)]


Current CompileTask:
C2:602319 12286       4       org.springframework.web.filter.CompositeFilter$VirtualFilterChain::doFilter (69 bytes)

Stack: [0x0000002cc5e00000,0x0000002cc5f00000]
Native frames: (J=compiled Java code, j=interpreted, Vv=VM code, C=native code)
V  [jvm.dll+0x6d2449]
V  [jvm.dll+0x8ae341]
V  [jvm.dll+0x8b08be]
V  [jvm.dll+0x8b0fa3]
V  [jvm.dll+0x280c96]
V  [jvm.dll+0xc581d]
V  [jvm.dll+0xc5d53]
V  [jvm.dll+0x3b9162]
V  [jvm.dll+0x1e1409]
V  [jvm.dll+0x249022]
V  [jvm.dll+0x2484af]
V  [jvm.dll+0x1c89ee]
V  [jvm.dll+0x257d4d]
V  [jvm.dll+0x2562ea]
V  [jvm.dll+0x3f2d16]
V  [jvm.dll+0x857e6b]
V  [jvm.dll+0x6d0b0d]
C  [ucrtbase.dll+0x37b0]
C  [KERNEL32.DLL+0x2e8d7]
C  [ntdll.dll+0x8c40c]


---------------  P R O C E S S  ---------------

Threads class SMR info:
_java_thread_list=0x000001ea9eea64a0, length=29, elements={
0x000001ea5792f4a0, 0x000001ea5792fb00, 0x000001ea57930be0, 0x000001ea57931240,
0x000001ea5793d9f0, 0x000001ea57942270, 0x000001ea57951440, 0x000001ea57980090,
0x000001ea57ab3550, 0x000001ea57ab9d40, 0x000001ea9dca64d0, 0x000001ea9f372440,
0x000001ea9e40ef00, 0x000001eaa0400ec0, 0x000001ea9df1c640, 0x000001ea9df1b290,
0x000001ea9df19ee0, 0x000001eaa2f03940, 0x000001eaa2f04cf0, 0x000001eaa2f06730,
0x000001eaa2f06dc0, 0x000001eaa2f07450, 0x000001eaa2f05380, 0x000001eaa2f03fd0,
0x000001eaa2f07ae0, 0x000001eaa2f08170, 0x000001eaa2f0a8d0, 0x000001ea9df1ccd0,
0x000001ea9f552510
}

Java Threads: ( => current thread )
  0x000001ea5792f4a0 JavaThread "Reference Handler"          daemon [_thread_blocked, id=960, stack(0x0000002cc5800000,0x0000002cc5900000) (1024K)]
  0x000001ea5792fb00 JavaThread "Finalizer"                  daemon [_thread_blocked, id=3364, stack(0x0000002cc5900000,0x0000002cc5a00000) (1024K)]
  0x000001ea57930be0 JavaThread "Signal Dispatcher"          daemon [_thread_blocked, id=956, stack(0x0000002cc5a00000,0x0000002cc5b00000) (1024K)]
  0x000001ea57931240 JavaThread "Attach Listener"            daemon [_thread_blocked, id=952, stack(0x0000002cc5b00000,0x0000002cc5c00000) (1024K)]
  0x000001ea5793d9f0 JavaThread "Service Thread"             daemon [_thread_blocked, id=968, stack(0x0000002cc5c00000,0x0000002cc5d00000) (1024K)]
  0x000001ea57942270 JavaThread "Monitor Deflation Thread"   daemon [_thread_blocked, id=720, stack(0x0000002cc5d00000,0x0000002cc5e00000) (1024K)]
=>0x000001ea57951440 JavaThread "C2 CompilerThread0"         daemon [_thread_in_native, id=18980, stack(0x0000002cc5e00000,0x0000002cc5f00000) (1024K)]
  0x000001ea57980090 JavaThread "C1 CompilerThread0"         daemon [_thread_blocked, id=4224, stack(0x0000002cc5f00000,0x0000002cc6000000) (1024K)]
  0x000001ea57ab3550 JavaThread "Notification Thread"        daemon [_thread_blocked, id=4304, stack(0x0000002cc6000000,0x0000002cc6100000) (1024K)]
  0x000001ea57ab9d40 JavaThread "Common-Cleaner"             daemon [_thread_blocked, id=1860, stack(0x0000002cc6100000,0x0000002cc6200000) (1024K)]
  0x000001ea9dca64d0 JavaThread "Catalina-utility-1"                [_thread_blocked, id=23992, stack(0x0000002cc6f00000,0x0000002cc7000000) (1024K)]
  0x000001ea9f372440 JavaThread "Catalina-utility-2"                [_thread_blocked, id=21856, stack(0x0000002cc7200000,0x0000002cc7300000) (1024K)]
  0x000001ea9e40ef00 JavaThread "container-0"                       [_thread_blocked, id=4176, stack(0x0000002cc7300000,0x0000002cc7400000) (1024K)]
  0x000001eaa0400ec0 JavaThread "mysql-cj-abandoned-connection-cleanup" daemon [_thread_blocked, id=21288, stack(0x0000002cc7400000,0x0000002cc7500000) (1024K)]
  0x000001ea9df1c640 JavaThread "HikariPool-1:housekeeper"   daemon [_thread_blocked, id=4200, stack(0x0000002cc7600000,0x0000002cc7700000) (1024K)]
  0x000001ea9df1b290 JavaThread "File Watcher"               daemon [_thread_blocked, id=14672, stack(0x0000002cc7800000,0x0000002cc7900000) (1024K)]
  0x000001ea9df19ee0 JavaThread "http-nio-8080-exec-1"       daemon [_thread_blocked, id=16992, stack(0x0000002cc7900000,0x0000002cc7a00000) (1024K)]
  0x000001eaa2f03940 JavaThread "http-nio-8080-exec-3"       daemon [_thread_blocked, id=7200, stack(0x0000002cc7b00000,0x0000002cc7c00000) (1024K)]
  0x000001eaa2f04cf0 JavaThread "http-nio-8080-exec-4"       daemon [_thread_blocked, id=21276, stack(0x0000002cc7c00000,0x0000002cc7d00000) (1024K)]
  0x000001eaa2f06730 JavaThread "http-nio-8080-exec-6"       daemon [_thread_blocked, id=22452, stack(0x0000002cc7e00000,0x0000002cc7f00000) (1024K)]
  0x000001eaa2f06dc0 JavaThread "http-nio-8080-exec-9"       daemon [_thread_blocked, id=23544, stack(0x0000002cc8100000,0x0000002cc8200000) (1024K)]
  0x000001eaa2f07450 JavaThread "http-nio-8080-exec-10"      daemon [_thread_blocked, id=13440, stack(0x0000002cc8200000,0x0000002cc8300000) (1024K)]
  0x000001eaa2f05380 JavaThread "http-nio-8080-Poller"       daemon [_thread_in_native, id=9196, stack(0x0000002cc8300000,0x0000002cc8400000) (1024K)]
  0x000001eaa2f03fd0 JavaThread "http-nio-8080-Acceptor"     daemon [_thread_in_native, id=4172, stack(0x0000002cc8400000,0x0000002cc8500000) (1024K)]
  0x000001eaa2f07ae0 JavaThread "DestroyJavaVM"                     [_thread_blocked, id=16072, stack(0x0000002cc5000000,0x0000002cc5100000) (1024K)]
  0x000001eaa2f08170 JavaThread "http-nio-8080-exec-14"      daemon [_thread_blocked, id=14400, stack(0x0000002cc6200000,0x0000002cc6300000) (1024K)]
  0x000001eaa2f0a8d0 JavaThread "http-nio-8080-exec-15"      daemon [_thread_blocked, id=23488, stack(0x0000002cc6300000,0x0000002cc6400000) (1024K)]
  0x000001ea9df1ccd0 JavaThread "http-nio-8080-exec-17"      daemon [_thread_blocked, id=9724, stack(0x0000002cc6a00000,0x0000002cc6b00000) (1024K)]
  0x000001ea9f552510 JavaThread "http-nio-8080-exec-18"      daemon [_thread_blocked, id=16508, stack(0x0000002cc7700000,0x0000002cc7800000) (1024K)]
Total: 29

Other Threads:
  0x000001ea5790e8b0 VMThread "VM Thread"                           [id=23204, stack(0x0000002cc5700000,0x0000002cc5800000) (1024K)]
  0x000001ea57900a80 WatcherThread "VM Periodic Task Thread"        [id=20780, stack(0x0000002cc5600000,0x0000002cc5700000) (1024K)]
  0x000001ea3f94be30 WorkerThread "GC Thread#0"                     [id=16732, stack(0x0000002cc5100000,0x0000002cc5200000) (1024K)]
  0x000001ea9d568520 WorkerThread "GC Thread#1"                     [id=18992, stack(0x0000002cc6500000,0x0000002cc6600000) (1024K)]
  0x000001ea9da38560 WorkerThread "GC Thread#2"                     [id=19200, stack(0x0000002cc6600000,0x0000002cc6700000) (1024K)]
  0x000001ea9da38900 WorkerThread "GC Thread#3"                     [id=16220, stack(0x0000002cc6700000,0x0000002cc6800000) (1024K)]
  0x000001ea9da390a0 WorkerThread "GC Thread#4"                     [id=9952, stack(0x0000002cc6800000,0x0000002cc6900000) (1024K)]
  0x000001ea9daf2350 WorkerThread "GC Thread#5"                     [id=12504, stack(0x0000002cc6900000,0x0000002cc6a00000) (1024K)]
  0x000001ea5797f0e0 WorkerThread "GC Thread#6"                     [id=14788, stack(0x0000002cc6b00000,0x0000002cc6c00000) (1024K)]
  0x000001ea9dcd9750 WorkerThread "GC Thread#7"                     [id=18244, stack(0x0000002cc6c00000,0x0000002cc6d00000) (1024K)]
  0x000001ea9e62e940 WorkerThread "GC Thread#8"                     [id=22212, stack(0x0000002cc6d00000,0x0000002cc6e00000) (1024K)]
  0x000001ea9e62f080 WorkerThread "GC Thread#9"                     [id=20636, stack(0x0000002cc6e00000,0x0000002cc6f00000) (1024K)]
  0x000001ea3f95b950 ConcurrentGCThread "G1 Main Marker"            [id=20792, stack(0x0000002cc5200000,0x0000002cc5300000) (1024K)]
  0x000001ea3f95e920 WorkerThread "G1 Conc#0"                       [id=21564, stack(0x0000002cc5300000,0x0000002cc5400000) (1024K)]
  0x000001ea9e62e5a0 WorkerThread "G1 Conc#1"                       [id=20648, stack(0x0000002cc7000000,0x0000002cc7100000) (1024K)]
  0x000001ea9e62ece0 WorkerThread "G1 Conc#2"                       [id=17804, stack(0x0000002cc7100000,0x0000002cc7200000) (1024K)]
  0x000001ea577cc0a0 ConcurrentGCThread "G1 Refine#0"               [id=8600, stack(0x0000002cc5400000,0x0000002cc5500000) (1024K)]
  0x000001ea577cc6c0 ConcurrentGCThread "G1 Service"                [id=7868, stack(0x0000002cc5500000,0x0000002cc5600000) (1024K)]
Total: 18

Threads with active compile tasks:
C2 CompilerThread0  602407 12286       4       org.springframework.web.filter.CompositeFilter$VirtualFilterChain::doFilter (69 bytes)
Total: 1

VM state: not at safepoint (normal execution)

VM Mutex/Monitor currently owned by a thread: None

Heap address: 0x000000008a600000, size: 1882 MB, Compressed Oops mode: 32-bit

CDS archive(s) mapped at: [0x000001ea58000000-0x000001ea58c80000-0x000001ea58c80000), size 13107200, SharedBaseAddress: 0x000001ea58000000, ArchiveRelocationMode: 1.
Compressed class space mapped at: 0x000001ea59000000-0x000001ea99000000, reserved size: 1073741824
Narrow klass base: 0x000001ea58000000, Narrow klass shift: 0, Narrow klass range: 0x100000000

GC Precious Log:
 CardTable entry size: 512
 Card Set container configuration: InlinePtr #cards 5 size 8 Array Of Cards #cards 12 size 40 Howl #buckets 4 coarsen threshold 1843 Howl Bitmap #cards 512 size 80 coarsen threshold 460 Card regions per heap region 1 cards per card region 2048
 CPUs: 12 total, 12 available
 Memory: 7521M
 Large Page Support: Disabled
 NUMA Support: Disabled
 Compressed Oops: Enabled (32-bit)
 Heap Region Size: 1M
 Heap Min Capacity: 8M
 Heap Initial Capacity: 118M
 Heap Max Capacity: 1882M
 Pre-touch: Disabled
 Parallel Workers: 10
 Concurrent Workers: 3
 Concurrent Refinement Workers: 10
 Periodic GC: Disabled

Heap:
 garbage-first heap   total 171008K, used 73687K [0x000000008a600000, 0x0000000100000000)
  region size 1024K, 30 young (30720K), 5 survivors (5120K)
 Metaspace       used 94769K, committed 95488K, reserved 1179648K
  class space    used 12950K, committed 13248K, reserved 1048576K

Heap Regions: E=young(eden), S=young(survivor), O=old, HS=humongous(starts), HC=humongous(continues), CS=collection set, F=free, TAMS=top-at-mark-start, PB=parsable bottom
|   0|0x000000008a600000, 0x000000008a700000, 0x000000008a700000|100%|HS|  |TAMS 0x000000008a600000| PB 0x000000008a600000| Complete 
|   1|0x000000008a700000, 0x000000008a800000, 0x000000008a800000|100%|HS|  |TAMS 0x000000008a700000| PB 0x000000008a700000| Complete 
|   2|0x000000008a800000, 0x000000008a900000, 0x000000008a900000|100%| O|  |TAMS 0x000000008a800000| PB 0x000000008a800000| Untracked 
|   3|0x000000008a900000, 0x000000008aa00000, 0x000000008aa00000|100%| O|  |TAMS 0x000000008a900000| PB 0x000000008a900000| Untracked 
|   4|0x000000008aa00000, 0x000000008ab00000, 0x000000008ab00000|100%| O|  |TAMS 0x000000008aa00000| PB 0x000000008aa00000| Untracked 
|   5|0x000000008ab00000, 0x000000008ac00000, 0x000000008ac00000|100%| O|  |TAMS 0x000000008ab00000| PB 0x000000008ab00000| Untracked 
|   6|0x000000008ac00000, 0x000000008ad00000, 0x000000008ad00000|100%| O|  |TAMS 0x000000008ac00000| PB 0x000000008ac00000| Untracked 
|   7|0x000000008ad00000, 0x000000008ae00000, 0x000000008ae00000|100%| O|  |TAMS 0x000000008ad00000| PB 0x000000008ad00000| Untracked 
|   8|0x000000008ae00000, 0x000000008af00000, 0x000000008af00000|100%| O|  |TAMS 0x000000008ae00000| PB 0x000000008ae00000| Untracked 
|   9|0x000000008af00000, 0x000000008b000000, 0x000000008b000000|100%| O|  |TAMS 0x000000008af00000| PB 0x000000008af00000| Untracked 
|  10|0x000000008b000000, 0x000000008b100000, 0x000000008b100000|100%| O|  |TAMS 0x000000008b000000| PB 0x000000008b000000| Untracked 
|  11|0x000000008b100000, 0x000000008b200000, 0x000000008b200000|100%| O|  |TAMS 0x000000008b100000| PB 0x000000008b100000| Untracked 
|  12|0x000000008b200000, 0x000000008b300000, 0x000000008b300000|100%| O|  |TAMS 0x000000008b200000| PB 0x000000008b200000| Untracked 
|  13|0x000000008b300000, 0x000000008b400000, 0x000000008b400000|100%| O|  |TAMS 0x000000008b300000| PB 0x000000008b300000| Untracked 
|  14|0x000000008b400000, 0x000000008b500000, 0x000000008b500000|100%| O|  |TAMS 0x000000008b400000| PB 0x000000008b400000| Untracked 
|  15|0x000000008b500000, 0x000000008b600000, 0x000000008b600000|100%| O|  |TAMS 0x000000008b500000| PB 0x000000008b500000| Untracked 
|  16|0x000000008b600000, 0x000000008b700000, 0x000000008b700000|100%| O|  |TAMS 0x000000008b600000| PB 0x000000008b600000| Untracked 
|  17|0x000000008b700000, 0x000000008b800000, 0x000000008b800000|100%| O|  |TAMS 0x000000008b700000| PB 0x000000008b700000| Untracked 
|  18|0x000000008b800000, 0x000000008b900000, 0x000000008b900000|100%| O|  |TAMS 0x000000008b800000| PB 0x000000008b800000| Untracked 
|  19|0x000000008b900000, 0x000000008ba00000, 0x000000008ba00000|100%| O|  |TAMS 0x000000008b900000| PB 0x000000008b900000| Untracked 
|  20|0x000000008ba00000, 0x000000008bb00000, 0x000000008bb00000|100%| O|  |TAMS 0x000000008ba00000| PB 0x000000008ba00000| Untracked 
|  21|0x000000008bb00000, 0x000000008bc00000, 0x000000008bc00000|100%| O|  |TAMS 0x000000008bb00000| PB 0x000000008bb00000| Untracked 
|  22|0x000000008bc00000, 0x000000008bd00000, 0x000000008bd00000|100%| O|  |TAMS 0x000000008bc00000| PB 0x000000008bc00000| Untracked 
|  23|0x000000008bd00000, 0x000000008be00000, 0x000000008be00000|100%| O|  |TAMS 0x000000008bd00000| PB 0x000000008bd00000| Untracked 
|  24|0x000000008be00000, 0x000000008bf00000, 0x000000008bf00000|100%| O|  |TAMS 0x000000008be00000| PB 0x000000008be00000| Untracked 
|  25|0x000000008bf00000, 0x000000008c000000, 0x000000008c000000|100%| O|  |TAMS 0x000000008bf00000| PB 0x000000008bf00000| Untracked 
|  26|0x000000008c000000, 0x000000008c0adf78, 0x000000008c100000| 67%| O|  |TAMS 0x000000008c000000| PB 0x000000008c000000| Untracked 
|  27|0x000000008c100000, 0x000000008c200000, 0x000000008c200000|100%| O|  |TAMS 0x000000008c100000| PB 0x000000008c100000| Untracked 
|  28|0x000000008c200000, 0x000000008c300000, 0x000000008c300000|100%| O|  |TAMS 0x000000008c200000| PB 0x000000008c200000| Untracked 
|  29|0x000000008c300000, 0x000000008c400000, 0x000000008c400000|100%| O|  |TAMS 0x000000008c300000| PB 0x000000008c300000| Untracked 
|  30|0x000000008c400000, 0x000000008c500000, 0x000000008c500000|100%| O|  |TAMS 0x000000008c400000| PB 0x000000008c400000| Untracked 
|  31|0x000000008c500000, 0x000000008c600000, 0x000000008c600000|100%| O|  |TAMS 0x000000008c500000| PB 0x000000008c500000| Untracked 
|  32|0x000000008c600000, 0x000000008c700000, 0x000000008c700000|100%| O|  |TAMS 0x000000008c600000| PB 0x000000008c600000| Untracked 
|  33|0x000000008c700000, 0x000000008c800000, 0x000000008c800000|100%| O|  |TAMS 0x000000008c700000| PB 0x000000008c700000| Untracked 
|  34|0x000000008c800000, 0x000000008c900000, 0x000000008c900000|100%| O|  |TAMS 0x000000008c800000| PB 0x000000008c800000| Untracked 
|  35|0x000000008c900000, 0x000000008ca00000, 0x000000008ca00000|100%| O|  |TAMS 0x000000008c900000| PB 0x000000008c900000| Untracked 
|  36|0x000000008ca00000, 0x000000008cb00000, 0x000000008cb00000|100%| O|Cm|TAMS 0x000000008ca00000| PB 0x000000008ca00000| Complete 
|  37|0x000000008cb00000, 0x000000008cc00000, 0x000000008cc00000|100%| O|  |TAMS 0x000000008cb00000| PB 0x000000008cb00000| Untracked 
|  38|0x000000008cc00000, 0x000000008cd00000, 0x000000008cd00000|100%| O|  |TAMS 0x000000008cc00000| PB 0x000000008cc00000| Untracked 
|  39|0x000000008cd00000, 0x000000008cd00000, 0x000000008ce00000|  0%| F|  |TAMS 0x000000008cd00000| PB 0x000000008cd00000| Untracked 
|  40|0x000000008ce00000, 0x000000008cf00000, 0x000000008cf00000|100%| O|  |TAMS 0x000000008ce00000| PB 0x000000008ce00000| Untracked 
|  41|0x000000008cf00000, 0x000000008d000000, 0x000000008d000000|100%| O|  |TAMS 0x000000008cf00000| PB 0x000000008cf00000| Untracked 
|  42|0x000000008d000000, 0x000000008d000000, 0x000000008d100000|  0%| F|  |TAMS 0x000000008d000000| PB 0x000000008d000000| Untracked 
|  43|0x000000008d100000, 0x000000008d100000, 0x000000008d200000|  0%| F|  |TAMS 0x000000008d100000| PB 0x000000008d100000| Untracked 
|  44|0x000000008d200000, 0x000000008d200000, 0x000000008d300000|  0%| F|  |TAMS 0x000000008d200000| PB 0x000000008d200000| Untracked 
|  45|0x000000008d300000, 0x000000008d300000, 0x000000008d400000|  0%| F|  |TAMS 0x000000008d300000| PB 0x000000008d300000| Untracked 
|  46|0x000000008d400000, 0x000000008d400000, 0x000000008d500000|  0%| F|  |TAMS 0x000000008d400000| PB 0x000000008d400000| Untracked 
|  47|0x000000008d500000, 0x000000008d500000, 0x000000008d600000|  0%| F|  |TAMS 0x000000008d500000| PB 0x000000008d500000| Untracked 
|  48|0x000000008d600000, 0x000000008d600000, 0x000000008d700000|  0%| F|  |TAMS 0x000000008d600000| PB 0x000000008d600000| Untracked 
|  49|0x000000008d700000, 0x000000008d700000, 0x000000008d800000|  0%| F|  |TAMS 0x000000008d700000| PB 0x000000008d700000| Untracked 
|  50|0x000000008d800000, 0x000000008d800000, 0x000000008d900000|  0%| F|  |TAMS 0x000000008d800000| PB 0x000000008d800000| Untracked 
|  51|0x000000008d900000, 0x000000008da00000, 0x000000008da00000|100%| O|  |TAMS 0x000000008d900000| PB 0x000000008d900000| Untracked 
|  52|0x000000008da00000, 0x000000008da00000, 0x000000008db00000|  0%| F|  |TAMS 0x000000008da00000| PB 0x000000008da00000| Untracked 
|  53|0x000000008db00000, 0x000000008db00000, 0x000000008dc00000|  0%| F|  |TAMS 0x000000008db00000| PB 0x000000008db00000| Untracked 
|  54|0x000000008dc00000, 0x000000008dc47fd8, 0x000000008dd00000| 28%| S|CS|TAMS 0x000000008dc00000| PB 0x000000008dc00000| Complete 
|  55|0x000000008dd00000, 0x000000008de00000, 0x000000008de00000|100%| S|CS|TAMS 0x000000008dd00000| PB 0x000000008dd00000| Complete 
|  56|0x000000008de00000, 0x000000008df00000, 0x000000008df00000|100%| S|CS|TAMS 0x000000008de00000| PB 0x000000008de00000| Complete 
|  57|0x000000008df00000, 0x000000008e000000, 0x000000008e000000|100%| S|CS|TAMS 0x000000008df00000| PB 0x000000008df00000| Complete 
|  58|0x000000008e000000, 0x000000008e100000, 0x000000008e100000|100%| S|CS|TAMS 0x000000008e000000| PB 0x000000008e000000| Complete 
|  59|0x000000008e100000, 0x000000008e100000, 0x000000008e200000|  0%| F|  |TAMS 0x000000008e100000| PB 0x000000008e100000| Untracked 
|  60|0x000000008e200000, 0x000000008e300000, 0x000000008e300000|100%| O|Cm|TAMS 0x000000008e200000| PB 0x000000008e200000| Complete 
|  61|0x000000008e300000, 0x000000008e300000, 0x000000008e400000|  0%| F|  |TAMS 0x000000008e300000| PB 0x000000008e300000| Untracked 
|  62|0x000000008e400000, 0x000000008e400000, 0x000000008e500000|  0%| F|  |TAMS 0x000000008e400000| PB 0x000000008e400000| Untracked 
|  63|0x000000008e500000, 0x000000008e500000, 0x000000008e600000|  0%| F|  |TAMS 0x000000008e500000| PB 0x000000008e500000| Untracked 
|  64|0x000000008e600000, 0x000000008e600000, 0x000000008e700000|  0%| F|  |TAMS 0x000000008e600000| PB 0x000000008e600000| Untracked 
|  65|0x000000008e700000, 0x000000008e700000, 0x000000008e800000|  0%| F|  |TAMS 0x000000008e700000| PB 0x000000008e700000| Untracked 
|  66|0x000000008e800000, 0x000000008e800000, 0x000000008e900000|  0%| F|  |TAMS 0x000000008e800000| PB 0x000000008e800000| Untracked 
|  67|0x000000008e900000, 0x000000008e900000, 0x000000008ea00000|  0%| F|  |TAMS 0x000000008e900000| PB 0x000000008e900000| Untracked 
|  68|0x000000008ea00000, 0x000000008ea00000, 0x000000008eb00000|  0%| F|  |TAMS 0x000000008ea00000| PB 0x000000008ea00000| Untracked 
|  69|0x000000008eb00000, 0x000000008ec00000, 0x000000008ec00000|100%| O|  |TAMS 0x000000008eb00000| PB 0x000000008eb00000| Untracked 
|  70|0x000000008ec00000, 0x000000008ec00000, 0x000000008ed00000|  0%| F|  |TAMS 0x000000008ec00000| PB 0x000000008ec00000| Untracked 
|  71|0x000000008ed00000, 0x000000008ed00000, 0x000000008ee00000|  0%| F|  |TAMS 0x000000008ed00000| PB 0x000000008ed00000| Untracked 
|  72|0x000000008ee00000, 0x000000008ee00000, 0x000000008ef00000|  0%| F|  |TAMS 0x000000008ee00000| PB 0x000000008ee00000| Untracked 
|  73|0x000000008ef00000, 0x000000008ef00000, 0x000000008f000000|  0%| F|  |TAMS 0x000000008ef00000| PB 0x000000008ef00000| Untracked 
|  74|0x000000008f000000, 0x000000008f000000, 0x000000008f100000|  0%| F|  |TAMS 0x000000008f000000| PB 0x000000008f000000| Untracked 
|  75|0x000000008f100000, 0x000000008f100000, 0x000000008f200000|  0%| F|  |TAMS 0x000000008f100000| PB 0x000000008f100000| Untracked 
|  76|0x000000008f200000, 0x000000008f200000, 0x000000008f300000|  0%| F|  |TAMS 0x000000008f200000| PB 0x000000008f200000| Untracked 
|  77|0x000000008f300000, 0x000000008f300000, 0x000000008f400000|  0%| F|  |TAMS 0x000000008f300000| PB 0x000000008f300000| Untracked 
|  78|0x000000008f400000, 0x000000008f400000, 0x000000008f500000|  0%| F|  |TAMS 0x000000008f400000| PB 0x000000008f400000| Untracked 
|  79|0x000000008f500000, 0x000000008f500000, 0x000000008f600000|  0%| F|  |TAMS 0x000000008f500000| PB 0x000000008f500000| Untracked 
|  80|0x000000008f600000, 0x000000008f600000, 0x000000008f700000|  0%| F|  |TAMS 0x000000008f600000| PB 0x000000008f600000| Untracked 
|  81|0x000000008f700000, 0x000000008f700000, 0x000000008f800000|  0%| F|  |TAMS 0x000000008f700000| PB 0x000000008f700000| Untracked 
|  82|0x000000008f800000, 0x000000008f800000, 0x000000008f900000|  0%| F|  |TAMS 0x000000008f800000| PB 0x000000008f800000| Untracked 
|  83|0x000000008f900000, 0x000000008f900000, 0x000000008fa00000|  0%| F|  |TAMS 0x000000008f900000| PB 0x000000008f900000| Untracked 
|  84|0x000000008fa00000, 0x000000008fa00000, 0x000000008fb00000|  0%| F|  |TAMS 0x000000008fa00000| PB 0x000000008fa00000| Untracked 
|  85|0x000000008fb00000, 0x000000008fb00000, 0x000000008fc00000|  0%| F|  |TAMS 0x000000008fb00000| PB 0x000000008fb00000| Untracked 
|  86|0x000000008fc00000, 0x000000008fc00000, 0x000000008fd00000|  0%| F|  |TAMS 0x000000008fc00000| PB 0x000000008fc00000| Untracked 
|  87|0x000000008fd00000, 0x000000008fd00000, 0x000000008fe00000|  0%| F|  |TAMS 0x000000008fd00000| PB 0x000000008fd00000| Untracked 
|  88|0x000000008fe00000, 0x000000008fe00000, 0x000000008ff00000|  0%| F|  |TAMS 0x000000008fe00000| PB 0x000000008fe00000| Untracked 
|  89|0x000000008ff00000, 0x000000008ff00000, 0x0000000090000000|  0%| F|  |TAMS 0x000000008ff00000| PB 0x000000008ff00000| Untracked 
|  90|0x0000000090000000, 0x0000000090000000, 0x0000000090100000|  0%| F|  |TAMS 0x0000000090000000| PB 0x0000000090000000| Untracked 
|  91|0x0000000090100000, 0x0000000090100000, 0x0000000090200000|  0%| F|  |TAMS 0x0000000090100000| PB 0x0000000090100000| Untracked 
|  92|0x0000000090200000, 0x0000000090200000, 0x0000000090300000|  0%| F|  |TAMS 0x0000000090200000| PB 0x0000000090200000| Untracked 
|  93|0x0000000090300000, 0x0000000090300000, 0x0000000090400000|  0%| F|  |TAMS 0x0000000090300000| PB 0x0000000090300000| Untracked 
|  94|0x0000000090400000, 0x0000000090400000, 0x0000000090500000|  0%| F|  |TAMS 0x0000000090400000| PB 0x0000000090400000| Untracked 
|  95|0x0000000090500000, 0x0000000090500000, 0x0000000090600000|  0%| F|  |TAMS 0x0000000090500000| PB 0x0000000090500000| Untracked 
|  96|0x0000000090600000, 0x0000000090600000, 0x0000000090700000|  0%| F|  |TAMS 0x0000000090600000| PB 0x0000000090600000| Untracked 
|  97|0x0000000090700000, 0x0000000090700000, 0x0000000090800000|  0%| F|  |TAMS 0x0000000090700000| PB 0x0000000090700000| Untracked 
|  98|0x0000000090800000, 0x0000000090800000, 0x0000000090900000|  0%| F|  |TAMS 0x0000000090800000| PB 0x0000000090800000| Untracked 
|  99|0x0000000090900000, 0x0000000090900000, 0x0000000090a00000|  0%| F|  |TAMS 0x0000000090900000| PB 0x0000000090900000| Untracked 
| 100|0x0000000090a00000, 0x0000000090a00000, 0x0000000090b00000|  0%| F|  |TAMS 0x0000000090a00000| PB 0x0000000090a00000| Untracked 
| 101|0x0000000090b00000, 0x0000000090b00000, 0x0000000090c00000|  0%| F|  |TAMS 0x0000000090b00000| PB 0x0000000090b00000| Untracked 
| 102|0x0000000090c00000, 0x0000000090c00000, 0x0000000090d00000|  0%| F|  |TAMS 0x0000000090c00000| PB 0x0000000090c00000| Untracked 
| 103|0x0000000090d00000, 0x0000000090d00000, 0x0000000090e00000|  0%| F|  |TAMS 0x0000000090d00000| PB 0x0000000090d00000| Untracked 
| 104|0x0000000090e00000, 0x0000000090e00000, 0x0000000090f00000|  0%| F|  |TAMS 0x0000000090e00000| PB 0x0000000090e00000| Untracked 
| 105|0x0000000090f00000, 0x0000000090f00000, 0x0000000091000000|  0%| F|  |TAMS 0x0000000090f00000| PB 0x0000000090f00000| Untracked 
| 106|0x0000000091000000, 0x0000000091000000, 0x0000000091100000|  0%| F|  |TAMS 0x0000000091000000| PB 0x0000000091000000| Untracked 
| 107|0x0000000091100000, 0x0000000091100000, 0x0000000091200000|  0%| F|  |TAMS 0x0000000091100000| PB 0x0000000091100000| Untracked 
| 108|0x0000000091200000, 0x0000000091200000, 0x0000000091300000|  0%| F|  |TAMS 0x0000000091200000| PB 0x0000000091200000| Untracked 
| 109|0x0000000091300000, 0x0000000091300000, 0x0000000091400000|  0%| F|  |TAMS 0x0000000091300000| PB 0x0000000091300000| Untracked 
| 110|0x0000000091400000, 0x0000000091400000, 0x0000000091500000|  0%| F|  |TAMS 0x0000000091400000| PB 0x0000000091400000| Untracked 
| 111|0x0000000091500000, 0x0000000091500000, 0x0000000091600000|  0%| F|  |TAMS 0x0000000091500000| PB 0x0000000091500000| Untracked 
| 112|0x0000000091600000, 0x0000000091600000, 0x0000000091700000|  0%| F|  |TAMS 0x0000000091600000| PB 0x0000000091600000| Untracked 
| 113|0x0000000091700000, 0x0000000091700000, 0x0000000091800000|  0%| F|  |TAMS 0x0000000091700000| PB 0x0000000091700000| Untracked 
| 114|0x0000000091800000, 0x0000000091800000, 0x0000000091900000|  0%| F|  |TAMS 0x0000000091800000| PB 0x0000000091800000| Untracked 
| 115|0x0000000091900000, 0x0000000091900000, 0x0000000091a00000|  0%| F|  |TAMS 0x0000000091900000| PB 0x0000000091900000| Untracked 
| 116|0x0000000091a00000, 0x0000000091a00000, 0x0000000091b00000|  0%| F|  |TAMS 0x0000000091a00000| PB 0x0000000091a00000| Untracked 
| 117|0x0000000091b00000, 0x0000000091b00000, 0x0000000091c00000|  0%| F|  |TAMS 0x0000000091b00000| PB 0x0000000091b00000| Untracked 
| 118|0x0000000091c00000, 0x0000000091c00000, 0x0000000091d00000|  0%| F|  |TAMS 0x0000000091c00000| PB 0x0000000091c00000| Untracked 
| 119|0x0000000091d00000, 0x0000000091d00000, 0x0000000091e00000|  0%| F|  |TAMS 0x0000000091d00000| PB 0x0000000091d00000| Untracked 
| 120|0x0000000091e00000, 0x0000000091e00000, 0x0000000091f00000|  0%| F|  |TAMS 0x0000000091e00000| PB 0x0000000091e00000| Untracked 
| 121|0x0000000091f00000, 0x0000000091f00000, 0x0000000092000000|  0%| F|  |TAMS 0x0000000091f00000| PB 0x0000000091f00000| Untracked 
| 122|0x0000000092000000, 0x0000000092000000, 0x0000000092100000|  0%| F|  |TAMS 0x0000000092000000| PB 0x0000000092000000| Untracked 
| 123|0x0000000092100000, 0x0000000092100000, 0x0000000092200000|  0%| F|  |TAMS 0x0000000092100000| PB 0x0000000092100000| Untracked 
| 124|0x0000000092200000, 0x0000000092200000, 0x0000000092300000|  0%| F|  |TAMS 0x0000000092200000| PB 0x0000000092200000| Untracked 
| 125|0x0000000092300000, 0x0000000092300000, 0x0000000092400000|  0%| F|  |TAMS 0x0000000092300000| PB 0x0000000092300000| Untracked 
| 126|0x0000000092400000, 0x0000000092400000, 0x0000000092500000|  0%| F|  |TAMS 0x0000000092400000| PB 0x0000000092400000| Untracked 
| 127|0x0000000092500000, 0x0000000092500000, 0x0000000092600000|  0%| F|  |TAMS 0x0000000092500000| PB 0x0000000092500000| Untracked 
| 128|0x0000000092600000, 0x0000000092600000, 0x0000000092700000|  0%| F|  |TAMS 0x0000000092600000| PB 0x0000000092600000| Untracked 
| 129|0x0000000092700000, 0x0000000092700000, 0x0000000092800000|  0%| F|  |TAMS 0x0000000092700000| PB 0x0000000092700000| Untracked 
| 130|0x0000000092800000, 0x0000000092800000, 0x0000000092900000|  0%| F|  |TAMS 0x0000000092800000| PB 0x0000000092800000| Untracked 
| 131|0x0000000092900000, 0x0000000092900000, 0x0000000092a00000|  0%| F|  |TAMS 0x0000000092900000| PB 0x0000000092900000| Untracked 
| 132|0x0000000092a00000, 0x0000000092a00000, 0x0000000092b00000|  0%| F|  |TAMS 0x0000000092a00000| PB 0x0000000092a00000| Untracked 
| 133|0x0000000092b00000, 0x0000000092b00000, 0x0000000092c00000|  0%| F|  |TAMS 0x0000000092b00000| PB 0x0000000092b00000| Untracked 
| 134|0x0000000092c00000, 0x0000000092c00000, 0x0000000092d00000|  0%| F|  |TAMS 0x0000000092c00000| PB 0x0000000092c00000| Untracked 
| 135|0x0000000092d00000, 0x0000000092d00000, 0x0000000092e00000|  0%| F|  |TAMS 0x0000000092d00000| PB 0x0000000092d00000| Untracked 
| 136|0x0000000092e00000, 0x0000000092e00000, 0x0000000092f00000|  0%| F|  |TAMS 0x0000000092e00000| PB 0x0000000092e00000| Untracked 
| 137|0x0000000092f00000, 0x0000000092f00000, 0x0000000093000000|  0%| F|  |TAMS 0x0000000092f00000| PB 0x0000000092f00000| Untracked 
| 138|0x0000000093000000, 0x0000000093000000, 0x0000000093100000|  0%| F|  |TAMS 0x0000000093000000| PB 0x0000000093000000| Untracked 
| 139|0x0000000093100000, 0x0000000093100000, 0x0000000093200000|  0%| F|  |TAMS 0x0000000093100000| PB 0x0000000093100000| Untracked 
| 140|0x0000000093200000, 0x0000000093200000, 0x0000000093300000|  0%| F|  |TAMS 0x0000000093200000| PB 0x0000000093200000| Untracked 
| 141|0x0000000093300000, 0x0000000093400000, 0x0000000093400000|100%| E|  |TAMS 0x0000000093300000| PB 0x0000000093300000| Complete 
| 142|0x0000000093400000, 0x0000000093500000, 0x0000000093500000|100%| E|CS|TAMS 0x0000000093400000| PB 0x0000000093400000| Complete 
| 143|0x0000000093500000, 0x0000000093600000, 0x0000000093600000|100%| E|CS|TAMS 0x0000000093500000| PB 0x0000000093500000| Complete 
| 144|0x0000000093600000, 0x0000000093700000, 0x0000000093700000|100%| E|CS|TAMS 0x0000000093600000| PB 0x0000000093600000| Complete 
| 145|0x0000000093700000, 0x0000000093800000, 0x0000000093800000|100%| E|CS|TAMS 0x0000000093700000| PB 0x0000000093700000| Complete 
| 146|0x0000000093800000, 0x0000000093900000, 0x0000000093900000|100%| E|CS|TAMS 0x0000000093800000| PB 0x0000000093800000| Complete 
| 147|0x0000000093900000, 0x0000000093a00000, 0x0000000093a00000|100%| E|CS|TAMS 0x0000000093900000| PB 0x0000000093900000| Complete 
| 148|0x0000000093a00000, 0x0000000093b00000, 0x0000000093b00000|100%| E|CS|TAMS 0x0000000093a00000| PB 0x0000000093a00000| Complete 
| 149|0x0000000093b00000, 0x0000000093c00000, 0x0000000093c00000|100%| E|CS|TAMS 0x0000000093b00000| PB 0x0000000093b00000| Complete 
| 150|0x0000000093c00000, 0x0000000093d00000, 0x0000000093d00000|100%| E|CS|TAMS 0x0000000093c00000| PB 0x0000000093c00000| Complete 
| 151|0x0000000093d00000, 0x0000000093e00000, 0x0000000093e00000|100%| E|CS|TAMS 0x0000000093d00000| PB 0x0000000093d00000| Complete 
| 152|0x0000000093e00000, 0x0000000093f00000, 0x0000000093f00000|100%| E|CS|TAMS 0x0000000093e00000| PB 0x0000000093e00000| Complete 
| 153|0x0000000093f00000, 0x0000000094000000, 0x0000000094000000|100%| E|CS|TAMS 0x0000000093f00000| PB 0x0000000093f00000| Complete 
| 154|0x0000000094000000, 0x0000000094100000, 0x0000000094100000|100%| E|CS|TAMS 0x0000000094000000| PB 0x0000000094000000| Complete 
| 155|0x0000000094100000, 0x0000000094200000, 0x0000000094200000|100%| E|CS|TAMS 0x0000000094100000| PB 0x0000000094100000| Complete 
| 156|0x0000000094200000, 0x0000000094300000, 0x0000000094300000|100%| E|CS|TAMS 0x0000000094200000| PB 0x0000000094200000| Complete 
| 157|0x0000000094300000, 0x0000000094400000, 0x0000000094400000|100%| E|CS|TAMS 0x0000000094300000| PB 0x0000000094300000| Complete 
| 158|0x0000000094400000, 0x0000000094500000, 0x0000000094500000|100%| E|CS|TAMS 0x0000000094400000| PB 0x0000000094400000| Complete 
| 159|0x0000000094500000, 0x0000000094600000, 0x0000000094600000|100%| E|CS|TAMS 0x0000000094500000| PB 0x0000000094500000| Complete 
| 160|0x0000000094600000, 0x0000000094700000, 0x0000000094700000|100%| E|  |TAMS 0x0000000094600000| PB 0x0000000094600000| Complete 
| 161|0x0000000094700000, 0x0000000094800000, 0x0000000094800000|100%| E|CS|TAMS 0x0000000094700000| PB 0x0000000094700000| Complete 
| 162|0x0000000094800000, 0x0000000094900000, 0x0000000094900000|100%| E|CS|TAMS 0x0000000094800000| PB 0x0000000094800000| Complete 
| 163|0x0000000094900000, 0x0000000094a00000, 0x0000000094a00000|100%| E|CS|TAMS 0x0000000094900000| PB 0x0000000094900000| Complete 
|1876|0x00000000ffa00000, 0x00000000ffb00000, 0x00000000ffb00000|100%| O|Cm|TAMS 0x00000000ffa00000| PB 0x00000000ffa00000| Complete 
|1880|0x00000000ffe00000, 0x00000000fff00000, 0x00000000fff00000|100%| E|CS|TAMS 0x00000000ffe00000| PB 0x00000000ffe00000| Complete 
|1881|0x00000000fff00000, 0x0000000100000000, 0x0000000100000000|100%| E|CS|TAMS 0x00000000fff00000| PB 0x00000000fff00000| Complete 

Card table byte_map: [0x000001ea52b80000,0x000001ea52f30000] _byte_map_base: 0x000001ea5272d000

Marking Bits: (CMBitMap*) 0x000001ea3f94c530
 Bits: [0x000001ea52f30000, 0x000001ea54c98000)

Polling page: 0x000001ea3d780000

Metaspace:

Usage:
  Non-class:     79.90 MB used.
      Class:     12.65 MB used.
       Both:     92.55 MB used.

Virtual space:
  Non-class space:      128.00 MB reserved,      80.31 MB ( 63%) committed,  2 nodes.
      Class space:        1.00 GB reserved,      12.94 MB (  1%) committed,  1 nodes.
             Both:        1.12 GB reserved,      93.25 MB (  8%) committed. 

Chunk freelists:
   Non-Class:  15.33 MB
       Class:  3.07 MB
        Both:  18.40 MB

MaxMetaspaceSize: unlimited
CompressedClassSpaceSize: 1.00 GB
Initial GC threshold: 21.00 MB
Current GC threshold: 155.44 MB
CDS: on
 - commit_granule_bytes: 65536.
 - commit_granule_words: 8192.
 - virtual_space_node_default_size: 8388608.
 - enlarge_chunks_in_place: 1.
 - use_allocation_guard: 0.


Internal statistics:

num_allocs_failed_limit: 6.
num_arena_births: 1128.
num_arena_deaths: 0.
num_vsnodes_births: 3.
num_vsnodes_deaths: 0.
num_space_committed: 1492.
num_space_uncommitted: 0.
num_chunks_returned_to_freelist: 6.
num_chunks_taken_from_freelist: 4502.
num_chunk_merges: 3.
num_chunk_splits: 3287.
num_chunks_enlarged: 2617.
num_inconsistent_stats: 0.

CodeHeap 'non-profiled nmethods': size=120000Kb used=6111Kb max_used=7004Kb free=113888Kb
 bounds [0x000001ea4ad50000, 0x000001ea4b430000, 0x000001ea52280000]
CodeHeap 'profiled nmethods': size=120000Kb used=16584Kb max_used=19841Kb free=103415Kb
 bounds [0x000001ea43280000, 0x000001ea445f0000, 0x000001ea4a7b0000]
CodeHeap 'non-nmethods': size=5760Kb used=1788Kb max_used=1843Kb free=3971Kb
 bounds [0x000001ea4a7b0000, 0x000001ea4aa20000, 0x000001ea4ad50000]
CodeCache: size=245760Kb, used=24483Kb, max_used=28688Kb, free=221274Kb
 total_blobs=8508, nmethods=7720, adapters=691, full_count=0
Compilation: enabled, stopped_count=0, restarted_count=0

Compilation events (20 events):
Event: 600.875 Thread 0x000001ea57951440 nmethod 12276 0x000001ea4b369310 code [0x000001ea4b369ba0, 0x000001ea4b3712e8]
Event: 600.875 Thread 0x000001ea57951440 12281       4       org.apache.tomcat.util.threads.ThreadPoolExecutor::runStateAtLeast (11 bytes)
Event: 600.876 Thread 0x000001ea57951440 nmethod 12281 0x000001ea4adaed90 code [0x000001ea4adaef20, 0x000001ea4adaefa8]
Event: 600.876 Thread 0x000001ea57951440 12279       4       org.springframework.web.util.pattern.PathPattern$$Lambda/0x000001ea59c0a9a0::applyAsInt (8 bytes)
Event: 600.876 Thread 0x000001ea57951440 nmethod 12279 0x000001ea4adb0510 code [0x000001ea4adb06a0, 0x000001ea4adb0760]
Event: 600.876 Thread 0x000001ea57951440 12277       4       org.springframework.util.MultiValueMapAdapter::isEmpty (10 bytes)
Event: 600.877 Thread 0x000001ea57951440 nmethod 12277 0x000001ea4adb5910 code [0x000001ea4adb5aa0, 0x000001ea4adb5b50]
Event: 600.877 Thread 0x000001ea57951440 12278       4       org.springframework.web.servlet.HandlerInterceptor::afterCompletion (1 bytes)
Event: 600.877 Thread 0x000001ea57951440 nmethod 12278 0x000001ea4adbab90 code [0x000001ea4adbad20, 0x000001ea4adbada8]
Event: 600.877 Thread 0x000001ea57951440 12280       4       org.springframework.web.servlet.HandlerInterceptor::postHandle (1 bytes)
Event: 600.877 Thread 0x000001ea57951440 nmethod 12280 0x000001ea4adc2990 code [0x000001ea4adc2b20, 0x000001ea4adc2ba8]
Event: 600.881 Thread 0x000001ea57951440 12282       4       jakarta.servlet.ServletRequestWrapper::<init> (30 bytes)
Event: 600.882 Thread 0x000001ea57951440 nmethod 12282 0x000001ea4aeda990 code [0x000001ea4aedab20, 0x000001ea4aedac90]
Event: 600.886 Thread 0x000001ea57951440 12283       4       jakarta.servlet.http.HttpServletResponseWrapper::getStatus (10 bytes)
Event: 600.889 Thread 0x000001ea57951440 nmethod 12283 0x000001ea4afe6c90 code [0x000001ea4afe6e60, 0x000001ea4afe7118]
Event: 600.897 Thread 0x000001ea57951440 12284       4       java.lang.Throwable::lockedPrintStackTrace (154 bytes)
Event: 601.003 Thread 0x000001ea57951440 nmethod 12284 0x000001ea4b23e410 code [0x000001ea4b23e7c0, 0x000001ea4b241418]
Event: 601.004 Thread 0x000001ea57951440 12285       4       java.lang.Integer::stringSize (47 bytes)
Event: 601.006 Thread 0x000001ea57951440 nmethod 12285 0x000001ea4adc5890 code [0x000001ea4adc5a00, 0x000001ea4adc5ae0]
Event: 601.006 Thread 0x000001ea57951440 12286       4       org.springframework.web.filter.CompositeFilter$VirtualFilterChain::doFilter (69 bytes)

GC Heap History (20 events):
Event: 6.822 GC heap before
{Heap before GC invocations=28 (full 0):
 garbage-first heap   total 71680K, used 61988K [0x000000008a600000, 0x0000000100000000)
  region size 1024K, 20 young (20480K), 3 survivors (3072K)
 Metaspace       used 83726K, committed 84416K, reserved 1179648K
  class space    used 11739K, committed 12032K, reserved 1048576K
}
Event: 6.824 GC heap after
{Heap after GC invocations=29 (full 0):
 garbage-first heap   total 153600K, used 45305K [0x000000008a600000, 0x0000000100000000)
  region size 1024K, 1 young (1024K), 1 survivors (1024K)
 Metaspace       used 83726K, committed 84416K, reserved 1179648K
  class space    used 11739K, committed 12032K, reserved 1048576K
}
Event: 6.952 GC heap before
{Heap before GC invocations=30 (full 0):
 garbage-first heap   total 150528K, used 134393K [0x000000008a600000, 0x0000000100000000)
  region size 1024K, 88 young (90112K), 1 survivors (1024K)
 Metaspace       used 83797K, committed 84480K, reserved 1179648K
  class space    used 11743K, committed 12032K, reserved 1048576K
}
Event: 6.964 GC heap after
{Heap after GC invocations=31 (full 0):
 garbage-first heap   total 155648K, used 64213K [0x000000008a600000, 0x0000000100000000)
  region size 1024K, 11 young (11264K), 11 survivors (11264K)
 Metaspace       used 83797K, committed 84480K, reserved 1179648K
  class space    used 11743K, committed 12032K, reserved 1048576K
}
Event: 7.365 GC heap before
{Heap before GC invocations=31 (full 0):
 garbage-first heap   total 155648K, used 114389K [0x000000008a600000, 0x0000000100000000)
  region size 1024K, 60 young (61440K), 11 survivors (11264K)
 Metaspace       used 86491K, committed 87168K, reserved 1179648K
  class space    used 12138K, committed 12416K, reserved 1048576K
}
Event: 7.374 GC heap after
{Heap after GC invocations=32 (full 0):
 garbage-first heap   total 155648K, used 70952K [0x000000008a600000, 0x0000000100000000)
  region size 1024K, 8 young (8192K), 8 survivors (8192K)
 Metaspace       used 86491K, committed 87168K, reserved 1179648K
  class space    used 12138K, committed 12416K, reserved 1048576K
}
Event: 217.181 GC heap before
{Heap before GC invocations=32 (full 0):
 garbage-first heap   total 155648K, used 120104K [0x000000008a600000, 0x0000000100000000)
  region size 1024K, 57 young (58368K), 8 survivors (8192K)
 Metaspace       used 91126K, committed 91904K, reserved 1179648K
  class space    used 12728K, committed 13056K, reserved 1048576K
}
Event: 217.247 GC heap after
{Heap after GC invocations=33 (full 0):
 garbage-first heap   total 155648K, used 74332K [0x000000008a600000, 0x0000000100000000)
  region size 1024K, 4 young (4096K), 4 survivors (4096K)
 Metaspace       used 91126K, committed 91904K, reserved 1179648K
  class space    used 12728K, committed 13056K, reserved 1048576K
}
Event: 486.840 GC heap before
{Heap before GC invocations=34 (full 0):
 garbage-first heap   total 155648K, used 115292K [0x000000008a600000, 0x0000000100000000)
  region size 1024K, 55 young (56320K), 4 survivors (4096K)
 Metaspace       used 93088K, committed 93760K, reserved 1179648K
  class space    used 12943K, committed 13248K, reserved 1048576K
}
Event: 486.893 GC heap after
{Heap after GC invocations=35 (full 0):
 garbage-first heap   total 155648K, used 63793K [0x000000008a600000, 0x0000000100000000)
  region size 1024K, 5 young (5120K), 5 survivors (5120K)
 Metaspace       used 93088K, committed 93760K, reserved 1179648K
  class space    used 12943K, committed 13248K, reserved 1048576K
}
Event: 590.717 GC heap before
{Heap before GC invocations=35 (full 0):
 garbage-first heap   total 155648K, used 126257K [0x000000008a600000, 0x0000000100000000)
  region size 1024K, 66 young (67584K), 5 survivors (5120K)
 Metaspace       used 93529K, committed 94272K, reserved 1179648K
  class space    used 12945K, committed 13248K, reserved 1048576K
}
Event: 590.787 GC heap after
{Heap after GC invocations=36 (full 0):
 garbage-first heap   total 155648K, used 55294K [0x000000008a600000, 0x0000000100000000)
  region size 1024K, 5 young (5120K), 5 survivors (5120K)
 Metaspace       used 93529K, committed 94272K, reserved 1179648K
  class space    used 12945K, committed 13248K, reserved 1048576K
}
Event: 592.906 GC heap before
{Heap before GC invocations=36 (full 0):
 garbage-first heap   total 155648K, used 124926K [0x000000008a600000, 0x0000000100000000)
  region size 1024K, 74 young (75776K), 5 survivors (5120K)
 Metaspace       used 93963K, committed 94656K, reserved 1179648K
  class space    used 12949K, committed 13248K, reserved 1048576K
}
Event: 592.943 GC heap after
{Heap after GC invocations=37 (full 0):
 garbage-first heap   total 155648K, used 55387K [0x000000008a600000, 0x0000000100000000)
  region size 1024K, 5 young (5120K), 5 survivors (5120K)
 Metaspace       used 93963K, committed 94656K, reserved 1179648K
  class space    used 12949K, committed 13248K, reserved 1048576K
}
Event: 595.391 GC heap before
{Heap before GC invocations=38 (full 0):
 garbage-first heap   total 155648K, used 129115K [0x000000008a600000, 0x0000000100000000)
  region size 1024K, 78 young (79872K), 5 survivors (5120K)
 Metaspace       used 94454K, committed 95232K, reserved 1179648K
  class space    used 12949K, committed 13248K, reserved 1048576K
}
Event: 595.403 GC heap after
{Heap after GC invocations=39 (full 0):
 garbage-first heap   total 155648K, used 55489K [0x000000008a600000, 0x0000000100000000)
  region size 1024K, 5 young (5120K), 5 survivors (5120K)
 Metaspace       used 94454K, committed 95232K, reserved 1179648K
  class space    used 12949K, committed 13248K, reserved 1048576K
}
Event: 597.615 GC heap before
{Heap before GC invocations=39 (full 0):
 garbage-first heap   total 155648K, used 133313K [0x000000008a600000, 0x0000000100000000)
  region size 1024K, 82 young (83968K), 5 survivors (5120K)
 Metaspace       used 94727K, committed 95424K, reserved 1179648K
  class space    used 12950K, committed 13248K, reserved 1048576K
}
Event: 597.653 GC heap after
{Heap after GC invocations=40 (full 0):
 garbage-first heap   total 155648K, used 50076K [0x000000008a600000, 0x0000000100000000)
  region size 1024K, 5 young (5120K), 5 survivors (5120K)
 Metaspace       used 94727K, committed 95424K, reserved 1179648K
  class space    used 12950K, committed 13248K, reserved 1048576K
}
Event: 600.149 GC heap before
{Heap before GC invocations=40 (full 0):
 garbage-first heap   total 155648K, used 136092K [0x000000008a600000, 0x0000000100000000)
  region size 1024K, 90 young (92160K), 5 survivors (5120K)
 Metaspace       used 94769K, committed 95488K, reserved 1179648K
  class space    used 12950K, committed 13248K, reserved 1048576K
}
Event: 600.229 GC heap after
{Heap after GC invocations=41 (full 0):
 garbage-first heap   total 217088K, used 50135K [0x000000008a600000, 0x0000000100000000)
  region size 1024K, 5 young (5120K), 5 survivors (5120K)
 Metaspace       used 94769K, committed 95488K, reserved 1179648K
  class space    used 12950K, committed 13248K, reserved 1048576K
}

Dll operation events (10 events):
Event: 0.007 Loaded shared library C:\Users\anujp\OneDrive\Documents\eclipse-jee-2025-09-R-win32-x86_64\eclipse\plugins\org.eclipse.justj.openjdk.hotspot.jre.full.win32.x86_64_21.0.8.v20250724-1412\jre\bin\java.dll
Event: 0.029 Loaded shared library C:\Users\anujp\OneDrive\Documents\eclipse-jee-2025-09-R-win32-x86_64\eclipse\plugins\org.eclipse.justj.openjdk.hotspot.jre.full.win32.x86_64_21.0.8.v20250724-1412\jre\bin\zip.dll
Event: 0.111 Loaded shared library C:\Users\anujp\OneDrive\Documents\eclipse-jee-2025-09-R-win32-x86_64\eclipse\plugins\org.eclipse.justj.openjdk.hotspot.jre.full.win32.x86_64_21.0.8.v20250724-1412\jre\bin\net.dll
Event: 0.112 Loaded shared library C:\Users\anujp\OneDrive\Documents\eclipse-jee-2025-09-R-win32-x86_64\eclipse\plugins\org.eclipse.justj.openjdk.hotspot.jre.full.win32.x86_64_21.0.8.v20250724-1412\jre\bin\nio.dll
Event: 0.116 Loaded shared library C:\Users\anujp\OneDrive\Documents\eclipse-jee-2025-09-R-win32-x86_64\eclipse\plugins\org.eclipse.justj.openjdk.hotspot.jre.full.win32.x86_64_21.0.8.v20250724-1412\jre\bin\zip.dll
Event: 0.194 Loaded shared library C:\Users\anujp\OneDrive\Documents\eclipse-jee-2025-09-R-win32-x86_64\eclipse\plugins\org.eclipse.justj.openjdk.hotspot.jre.full.win32.x86_64_21.0.8.v20250724-1412\jre\bin\jimage.dll
Event: 0.559 Loaded shared library C:\Users\anujp\OneDrive\Documents\eclipse-jee-2025-09-R-win32-x86_64\eclipse\plugins\org.eclipse.justj.openjdk.hotspot.jre.full.win32.x86_64_21.0.8.v20250724-1412\jre\bin\management.dll
Event: 0.566 Loaded shared library C:\Users\anujp\OneDrive\Documents\eclipse-jee-2025-09-R-win32-x86_64\eclipse\plugins\org.eclipse.justj.openjdk.hotspot.jre.full.win32.x86_64_21.0.8.v20250724-1412\jre\bin\management_ext.dll
Event: 1.437 Loaded shared library C:\Users\anujp\OneDrive\Documents\eclipse-jee-2025-09-R-win32-x86_64\eclipse\plugins\org.eclipse.justj.openjdk.hotspot.jre.full.win32.x86_64_21.0.8.v20250724-1412\jre\bin\sunmscapi.dll
Event: 4.168 Loaded shared library C:\Users\anujp\OneDrive\Documents\eclipse-jee-2025-09-R-win32-x86_64\eclipse\plugins\org.eclipse.justj.openjdk.hotspot.jre.full.win32.x86_64_21.0.8.v20250724-1412\jre\bin\extnet.dll

Deoptimization events (20 events):
Event: 596.722 Thread 0x000001ea9df19ee0 Uncommon trap: trap_request=0xffffffbe fr.pc=0x000001ea4b03fc40 relative=0x0000000000001b80
Event: 596.722 Thread 0x000001eaa2f06730 DEOPT PACKING pc=0x000001ea4b03fc40 sp=0x0000002cc7efcb80
Event: 596.722 Thread 0x000001ea9df19ee0 Uncommon trap: reason=profile_predicate action=maybe_recompile pc=0x000001ea4b03fc40 method=java.util.AbstractCollection.toArray()[Ljava/lang/Object; @ 18 c2
Event: 596.722 Thread 0x000001ea9df19ee0 DEOPT PACKING pc=0x000001ea4b03fc40 sp=0x0000002cc79fccd0
Event: 596.722 Thread 0x000001eaa2f06730 DEOPT UNPACKING pc=0x000001ea4a8046a2 sp=0x0000002cc7efcb68 mode 2
Event: 596.722 Thread 0x000001ea9df19ee0 DEOPT UNPACKING pc=0x000001ea4a8046a2 sp=0x0000002cc79fccb8 mode 2
Event: 596.742 Thread 0x000001ea9f552510 Uncommon trap: trap_request=0xffffffbe fr.pc=0x000001ea4b03fc40 relative=0x0000000000001b80
Event: 596.742 Thread 0x000001ea9f552510 Uncommon trap: reason=profile_predicate action=maybe_recompile pc=0x000001ea4b03fc40 method=java.util.AbstractCollection.toArray()[Ljava/lang/Object; @ 18 c2
Event: 596.742 Thread 0x000001ea9f552510 DEOPT PACKING pc=0x000001ea4b03fc40 sp=0x0000002cc77fc640
Event: 596.742 Thread 0x000001eaa2f08170 Uncommon trap: trap_request=0xffffffbe fr.pc=0x000001ea4b03fc40 relative=0x0000000000001b80
Event: 596.742 Thread 0x000001eaa2f08170 Uncommon trap: reason=profile_predicate action=maybe_recompile pc=0x000001ea4b03fc40 method=java.util.AbstractCollection.toArray()[Ljava/lang/Object; @ 18 c2
Event: 596.742 Thread 0x000001ea9f552510 DEOPT UNPACKING pc=0x000001ea4a8046a2 sp=0x0000002cc77fc628 mode 2
Event: 596.742 Thread 0x000001eaa2f08170 DEOPT PACKING pc=0x000001ea4b03fc40 sp=0x0000002cc62fccf0
Event: 596.742 Thread 0x000001eaa2f08170 DEOPT UNPACKING pc=0x000001ea4a8046a2 sp=0x0000002cc62fccd8 mode 2
Event: 598.506 Thread 0x000001eaa2f03940 DEOPT PACKING pc=0x000001ea440f6eb0 sp=0x0000002cc7bfea60
Event: 598.506 Thread 0x000001eaa2f03940 DEOPT UNPACKING pc=0x000001ea4a804e42 sp=0x0000002cc7bfdf18 mode 0
Event: 599.796 Thread 0x000001ea9df1ccd0 DEOPT PACKING pc=0x000001ea444914af sp=0x0000002cc6afd180
Event: 599.796 Thread 0x000001ea9df1ccd0 DEOPT UNPACKING pc=0x000001ea4a804e42 sp=0x0000002cc6afc6c0 mode 0
Event: 600.897 Thread 0x000001ea9f552510 DEOPT PACKING pc=0x000001ea4449449e sp=0x0000002cc77fa700
Event: 600.897 Thread 0x000001ea9f552510 DEOPT UNPACKING pc=0x000001ea4a804e42 sp=0x0000002cc77f9c68 mode 0

Classes loaded (20 events):
Event: 463.750 Loading class java/util/stream/ReferencePipeline$4
Event: 463.752 Loading class java/util/stream/ReferencePipeline$4 done
Event: 463.752 Loading class java/util/function/IntBinaryOperator
Event: 463.752 Loading class java/util/function/IntBinaryOperator done
Event: 463.752 Loading class java/util/stream/ReduceOps$7
Event: 463.753 Loading class java/util/stream/ReduceOps$7 done
Event: 463.753 Loading class java/util/stream/ReduceOps$6ReducingSink
Event: 463.754 Loading class java/util/stream/ReduceOps$6ReducingSink done
Event: 463.754 Loading class java/util/stream/ReferencePipeline$4$1
Event: 463.754 Loading class java/util/stream/ReferencePipeline$4$1 done
Event: 463.908 Loading class java/io/PrintWriter$1
Event: 463.909 Loading class jdk/internal/access/JavaIOPrintWriterAccess
Event: 463.909 Loading class jdk/internal/access/JavaIOPrintWriterAccess done
Event: 463.909 Loading class java/io/PrintWriter$1 done
Event: 463.910 Loading class java/lang/Throwable$WrappedPrintWriter
Event: 463.910 Loading class java/lang/Throwable$PrintStreamOrWriter
Event: 463.911 Loading class java/lang/Throwable$PrintStreamOrWriter done
Event: 463.911 Loading class java/lang/Throwable$WrappedPrintWriter done
Event: 591.627 Loading class sun/util/locale/LocaleExtensions
Event: 591.658 Loading class sun/util/locale/LocaleExtensions done

Classes unloaded (0 events):
No events

Classes redefined (0 events):
No events

Internal exceptions (20 events):
Event: 217.270 Thread 0x000001eaa2f0a240 Exception <a 'java/io/IOException'{0x0000000093af76d0}> (0x0000000093af76d0) 
thrown [s\src\hotspot\share\prims\jni.cpp, line 520]
Event: 217.271 Thread 0x000001eaa2f08800 Exception <a 'java/net/SocketException'{0x000000009396e6d8}: Connection reset by peer: shutdown> (0x000000009396e6d8) 
thrown [s\src\hotspot\share\prims\jni.cpp, line 539]
Event: 217.272 Thread 0x000001eaa2f0a8d0 Exception <a 'java/net/SocketException'{0x0000000093a781e8}: Connection reset by peer: shutdown> (0x0000000093a781e8) 
thrown [s\src\hotspot\share\prims\jni.cpp, line 539]
Event: 217.272 Thread 0x000001eaa2f08e90 Exception <a 'java/net/SocketException'{0x0000000093ad1d48}: Connection reset by peer: shutdown> (0x0000000093ad1d48) 
thrown [s\src\hotspot\share\prims\jni.cpp, line 539]
Event: 217.273 Thread 0x000001eaa2f032b0 Exception <a 'java/net/SocketException'{0x00000000938a3070}: Connection reset by peer: shutdown> (0x00000000938a3070) 
thrown [s\src\hotspot\share\prims\jni.cpp, line 539]
Event: 217.273 Thread 0x000001ea9df1a570 Exception <a 'java/net/SocketException'{0x00000000938e8318}: Connection reset by peer: shutdown> (0x00000000938e8318) 
thrown [s\src\hotspot\share\prims\jni.cpp, line 539]
Event: 217.283 Thread 0x000001eaa2f04cf0 Exception <a 'java/io/IOException'{0x0000000093203e30}> (0x0000000093203e30) 
thrown [s\src\hotspot\share\prims\jni.cpp, line 520]
Event: 217.283 Thread 0x000001ea9f552510 Exception <a 'java/net/SocketException'{0x00000000939bacd8}: Connection reset by peer: shutdown> (0x00000000939bacd8) 
thrown [s\src\hotspot\share\prims\jni.cpp, line 539]
Event: 217.284 Thread 0x000001eaa2f03940 Exception <a 'java/io/IOException'{0x00000000934ea510}> (0x00000000934ea510) 
thrown [s\src\hotspot\share\prims\jni.cpp, line 520]
Event: 217.285 Thread 0x000001eaa2f06730 Exception <a 'java/net/SocketException'{0x00000000934b6b80}: Connection reset by peer: shutdown> (0x00000000934b6b80) 
thrown [s\src\hotspot\share\prims\jni.cpp, line 539]
Event: 217.285 Thread 0x000001ea9df19ee0 Exception <a 'java/net/SocketException'{0x00000000938724d0}: Connection reset by peer: shutdown> (0x00000000938724d0) 
thrown [s\src\hotspot\share\prims\jni.cpp, line 539]
Event: 217.286 Thread 0x000001eaa2f09bb0 Exception <a 'java/net/SocketException'{0x0000000093a31540}: Connection reset by peer: shutdown> (0x0000000093a31540) 
thrown [s\src\hotspot\share\prims\jni.cpp, line 539]
Event: 217.296 Thread 0x000001eaa2f0a240 Exception <a 'java/io/IOException'{0x00000000932970c8}> (0x00000000932970c8) 
thrown [s\src\hotspot\share\prims\jni.cpp, line 520]
Event: 217.296 Thread 0x000001eaa2f032b0 Exception <a 'java/net/SocketException'{0x00000000938a36f8}: Connection reset by peer: shutdown> (0x00000000938a36f8) 
thrown [s\src\hotspot\share\prims\jni.cpp, line 539]
Event: 217.297 Thread 0x000001ea9df1a570 Exception <a 'java/net/SocketException'{0x00000000938e89a0}: Connection reset by peer: shutdown> (0x00000000938e89a0) 
thrown [s\src\hotspot\share\prims\jni.cpp, line 539]
Event: 217.298 Thread 0x000001eaa2f04cf0 Exception <a 'java/net/SocketException'{0x0000000093204508}: Connection reset by peer: shutdown> (0x0000000093204508) 
thrown [s\src\hotspot\share\prims\jni.cpp, line 539]
Event: 217.299 Thread 0x000001eaa2f060a0 Exception <a 'java/net/SocketException'{0x0000000093318558}: Connection reset by peer: shutdown> (0x0000000093318558) 
thrown [s\src\hotspot\share\prims\jni.cpp, line 539]
Event: 217.299 Thread 0x000001ea9df1ccd0 Exception <a 'java/net/SocketException'{0x000000009391b288}: Connection reset by peer: shutdown> (0x000000009391b288) 
thrown [s\src\hotspot\share\prims\jni.cpp, line 539]
Event: 463.947 Thread 0x000001eaa2f06dc0 Implicit null exception at 0x000001ea4b14a801 to 0x000001ea4b14acf4
Event: 463.947 Thread 0x000001ea9f552510 Implicit null exception at 0x000001ea4b14a801 to 0x000001ea4b14acf4

ZGC Phase Switch (0 events):
No events

VM Operations (20 events):
Event: 597.420 Executing VM operation: Cleanup
Event: 597.420 Executing VM operation: Cleanup done
Event: 597.601 Executing VM operation: G1CollectForAllocation (G1 Evacuation Pause)
Event: 597.653 Executing VM operation: G1CollectForAllocation (G1 Evacuation Pause) done
Event: 598.653 Executing VM operation: Cleanup
Event: 598.653 Executing VM operation: Cleanup done
Event: 599.659 Executing VM operation: Cleanup
Event: 599.659 Executing VM operation: Cleanup done
Event: 600.149 Executing VM operation: G1CollectForAllocation (G1 Evacuation Pause)
Event: 600.229 Executing VM operation: G1CollectForAllocation (G1 Evacuation Pause) done
Event: 600.269 Executing VM operation: G1PauseRemark
Event: 600.301 Executing VM operation: G1PauseRemark done
Event: 600.315 Executing VM operation: G1PauseCleanup
Event: 600.315 Executing VM operation: G1PauseCleanup done
Event: 601.317 Executing VM operation: Cleanup
Event: 601.317 Executing VM operation: Cleanup done
Event: 601.630 Executing VM operation: HandshakeAllThreads (HandshakeForDeflation)
Event: 601.630 Executing VM operation: HandshakeAllThreads (HandshakeForDeflation) done
Event: 601.630 Executing VM operation: RendezvousGCThreads
Event: 601.630 Executing VM operation: RendezvousGCThreads done

Memory protections (0 events):
No events

Nmethod flushes (20 events):
Event: 600.297 Thread 0x000001ea5790e8b0 flushing  nmethod 0x000001ea4af10a10
Event: 600.297 Thread 0x000001ea5790e8b0 flushing  nmethod 0x000001ea43320890
Event: 600.297 Thread 0x000001ea5790e8b0 flushing  nmethod 0x000001ea43329090
Event: 600.297 Thread 0x000001ea5790e8b0 flushing  nmethod 0x000001ea43365a90
Event: 600.297 Thread 0x000001ea5790e8b0 flushing  nmethod 0x000001ea434f2c90
Event: 600.297 Thread 0x000001ea5790e8b0 flushing  nmethod 0x000001ea43518610
Event: 600.297 Thread 0x000001ea5790e8b0 flushing  nmethod 0x000001ea436caa90
Event: 600.298 Thread 0x000001ea5790e8b0 flushing  nmethod 0x000001ea436e8490
Event: 600.298 Thread 0x000001ea5790e8b0 flushing  nmethod 0x000001ea43a94e90
Event: 600.298 Thread 0x000001ea5790e8b0 flushing  nmethod 0x000001ea43c1fa10
Event: 600.298 Thread 0x000001ea5790e8b0 flushing  nmethod 0x000001ea43c23690
Event: 600.298 Thread 0x000001ea5790e8b0 flushing  nmethod 0x000001ea43c25510
Event: 600.298 Thread 0x000001ea5790e8b0 flushing  nmethod 0x000001ea43c27610
Event: 600.298 Thread 0x000001ea5790e8b0 flushing  nmethod 0x000001ea43dfbb10
Event: 600.298 Thread 0x000001ea5790e8b0 flushing  nmethod 0x000001ea43dfd810
Event: 600.298 Thread 0x000001ea5790e8b0 flushing  nmethod 0x000001ea43dfea10
Event: 600.298 Thread 0x000001ea5790e8b0 flushing  nmethod 0x000001ea43dff190
Event: 600.298 Thread 0x000001ea5790e8b0 flushing  nmethod 0x000001ea43e01290
Event: 600.298 Thread 0x000001ea5790e8b0 flushing  nmethod 0x000001ea43e46b10
Event: 600.298 Thread 0x000001ea5790e8b0 flushing osr nmethod 0x000001ea43e4b790

Events (20 events):
Event: 217.175 Thread 0x000001eaa2f05380 Thread added: 0x000001eaa2f0a8d0
Event: 217.175 Thread 0x000001eaa2f05380 Thread added: 0x000001eaa2f08800
Event: 217.175 Thread 0x000001eaa2f05380 Thread added: 0x000001ea9df1ccd0
Event: 217.175 Thread 0x000001eaa2f05380 Thread added: 0x000001ea9f552510
Event: 277.302 Thread 0x000001eaa2f032b0 Thread exited: 0x000001eaa2f032b0
Event: 277.302 Thread 0x000001eaa2f08e90 Thread exited: 0x000001eaa2f08e90
Event: 277.303 Thread 0x000001eaa2f0a240 Thread exited: 0x000001eaa2f0a240
Event: 277.303 Thread 0x000001eaa2f09bb0 Thread exited: 0x000001eaa2f09bb0
Event: 277.303 Thread 0x000001eaa2f08800 Thread exited: 0x000001eaa2f08800
Event: 277.303 Thread 0x000001eaa2f060a0 Thread exited: 0x000001eaa2f060a0
Event: 277.303 Thread 0x000001eaa2f05a10 Thread exited: 0x000001eaa2f05a10
Event: 277.303 Thread 0x000001ea9df1a570 Thread exited: 0x000001ea9df1a570
Event: 464.583 Thread 0x000001ea57980090 Thread added: 0x000001ea9d4d3610
Event: 465.355 Thread 0x000001ea9d4d3610 Thread exited: 0x000001ea9d4d3610
Event: 466.668 Thread 0x000001ea57980090 Thread added: 0x000001ea9d4d5820
Event: 468.599 Thread 0x000001ea9d4d5820 Thread exited: 0x000001ea9d4d5820
Event: 588.296 Thread 0x000001ea57980090 Thread added: 0x000001ea9d4d3610
Event: 588.302 Thread 0x000001ea57980090 Thread added: 0x000001ea9d4d3ce0
Event: 591.489 Thread 0x000001ea9d4d3ce0 Thread exited: 0x000001ea9d4d3ce0
Event: 593.537 Thread 0x000001ea9d4d3610 Thread exited: 0x000001ea9d4d3610


Dynamic libraries:
0x00007ff79e8b0000 - 0x00007ff79e8be000 	C:\Users\anujp\OneDrive\Documents\eclipse-jee-2025-09-R-win32-x86_64\eclipse\plugins\org.eclipse.justj.openjdk.hotspot.jre.full.win32.x86_64_21.0.8.v20250724-1412\jre\bin\javaw.exe
0x00007fff3ffa0000 - 0x00007fff40208000 	C:\WINDOWS\SYSTEM32\ntdll.dll
0x00007fff3f210000 - 0x00007fff3f2d9000 	C:\WINDOWS\System32\KERNEL32.DLL
0x00007fff3c9c0000 - 0x00007fff3cdb1000 	C:\WINDOWS\System32\KERNELBASE.dll
0x00007fff3d020000 - 0x00007fff3d16b000 	C:\WINDOWS\System32\ucrtbase.dll
0x00007fff10470000 - 0x00007fff1048e000 	C:\Users\anujp\OneDrive\Documents\eclipse-jee-2025-09-R-win32-x86_64\eclipse\plugins\org.eclipse.justj.openjdk.hotspot.jre.full.win32.x86_64_21.0.8.v20250724-1412\jre\bin\VCRUNTIME140.dll
0x00007fff22810000 - 0x00007fff22828000 	C:\Users\anujp\OneDrive\Documents\eclipse-jee-2025-09-R-win32-x86_64\eclipse\plugins\org.eclipse.justj.openjdk.hotspot.jre.full.win32.x86_64_21.0.8.v20250724-1412\jre\bin\jli.dll
0x00007fff3dd40000 - 0x00007fff3df06000 	C:\WINDOWS\System32\USER32.dll
0x00007fff213e0000 - 0x00007fff21673000 	C:\WINDOWS\WinSxS\amd64_microsoft.windows.common-controls_6595b64144ccf1df_6.0.26100.7824_none_3e0870b2e3345462\COMCTL32.dll
0x00007fff3ce70000 - 0x00007fff3ce97000 	C:\WINDOWS\System32\win32u.dll
0x00007fff3dfa0000 - 0x00007fff3dfcb000 	C:\WINDOWS\System32\GDI32.dll
0x00007fff3e3f0000 - 0x00007fff3e499000 	C:\WINDOWS\System32\msvcrt.dll
0x00007fff3dc10000 - 0x00007fff3dd3b000 	C:\WINDOWS\System32\gdi32full.dll
0x00007fff3c880000 - 0x00007fff3c923000 	C:\WINDOWS\System32\msvcp_win.dll
0x00007fff3ec00000 - 0x00007fff3ec31000 	C:\WINDOWS\System32\IMM32.DLL
0x00007ffef5cd0000 - 0x00007ffef5cdc000 	C:\Users\anujp\OneDrive\Documents\eclipse-jee-2025-09-R-win32-x86_64\eclipse\plugins\org.eclipse.justj.openjdk.hotspot.jre.full.win32.x86_64_21.0.8.v20250724-1412\jre\bin\vcruntime140_1.dll
0x00007ffef57f0000 - 0x00007ffef587d000 	C:\Users\anujp\OneDrive\Documents\eclipse-jee-2025-09-R-win32-x86_64\eclipse\plugins\org.eclipse.justj.openjdk.hotspot.jre.full.win32.x86_64_21.0.8.v20250724-1412\jre\bin\msvcp140.dll
0x00007ffea8cf0000 - 0x00007ffea9a87000 	C:\Users\anujp\OneDrive\Documents\eclipse-jee-2025-09-R-win32-x86_64\eclipse\plugins\org.eclipse.justj.openjdk.hotspot.jre.full.win32.x86_64_21.0.8.v20250724-1412\jre\bin\server\jvm.dll
0x00007fff3f150000 - 0x00007fff3f204000 	C:\WINDOWS\System32\ADVAPI32.dll
0x00007fff3e580000 - 0x00007fff3e626000 	C:\WINDOWS\System32\sechost.dll
0x00007fff3e2d0000 - 0x00007fff3e3e8000 	C:\WINDOWS\System32\RPCRT4.dll
0x00007fff3ec40000 - 0x00007fff3ecb4000 	C:\WINDOWS\System32\WS2_32.dll
0x00007fff3c700000 - 0x00007fff3c75e000 	C:\WINDOWS\SYSTEM32\POWRPROF.dll
0x00007fff34310000 - 0x00007fff34345000 	C:\WINDOWS\SYSTEM32\WINMM.dll
0x00007fff345a0000 - 0x00007fff345ab000 	C:\WINDOWS\SYSTEM32\VERSION.dll
0x00007fff3c6e0000 - 0x00007fff3c6f4000 	C:\WINDOWS\SYSTEM32\UMPDC.dll
0x00007fff3b620000 - 0x00007fff3b63b000 	C:\WINDOWS\SYSTEM32\kernel.appcore.dll
0x00007fff24db0000 - 0x00007fff24dba000 	C:\Users\anujp\OneDrive\Documents\eclipse-jee-2025-09-R-win32-x86_64\eclipse\plugins\org.eclipse.justj.openjdk.hotspot.jre.full.win32.x86_64_21.0.8.v20250724-1412\jre\bin\jimage.dll
0x00007fff30ff0000 - 0x00007fff31232000 	C:\WINDOWS\SYSTEM32\DBGHELP.DLL
0x00007fff3e870000 - 0x00007fff3ebf6000 	C:\WINDOWS\System32\combase.dll
0x00007fff3e4a0000 - 0x00007fff3e577000 	C:\WINDOWS\System32\OLEAUT32.dll
0x00007fff1dd80000 - 0x00007fff1ddbb000 	C:\WINDOWS\SYSTEM32\dbgcore.DLL
0x00007fff3cdc0000 - 0x00007fff3ce65000 	C:\WINDOWS\System32\bcryptPrimitives.dll
0x00007fff07b00000 - 0x00007fff07b1f000 	C:\Users\anujp\OneDrive\Documents\eclipse-jee-2025-09-R-win32-x86_64\eclipse\plugins\org.eclipse.justj.openjdk.hotspot.jre.full.win32.x86_64_21.0.8.v20250724-1412\jre\bin\java.dll
0x00007fff3f6b0000 - 0x00007fff3fe02000 	C:\WINDOWS\System32\SHELL32.dll
0x00007fff3d9e0000 - 0x00007fff3db4a000 	C:\WINDOWS\System32\wintypes.dll
0x00007fff3d170000 - 0x00007fff3d9d3000 	C:\WINDOWS\System32\windows.storage.dll
0x00007fff3e630000 - 0x00007fff3e726000 	C:\WINDOWS\System32\SHCORE.dll
0x00007fff3f4c0000 - 0x00007fff3f527000 	C:\WINDOWS\System32\shlwapi.dll
0x00007fff3c7a0000 - 0x00007fff3c7c9000 	C:\WINDOWS\SYSTEM32\profapi.dll
0x00007fff07ae0000 - 0x00007fff07af8000 	C:\Users\anujp\OneDrive\Documents\eclipse-jee-2025-09-R-win32-x86_64\eclipse\plugins\org.eclipse.justj.openjdk.hotspot.jre.full.win32.x86_64_21.0.8.v20250724-1412\jre\bin\zip.dll
0x00007fff17b80000 - 0x00007fff17b90000 	C:\Users\anujp\OneDrive\Documents\eclipse-jee-2025-09-R-win32-x86_64\eclipse\plugins\org.eclipse.justj.openjdk.hotspot.jre.full.win32.x86_64_21.0.8.v20250724-1412\jre\bin\net.dll
0x00007fff34dd0000 - 0x00007fff34ef7000 	C:\WINDOWS\SYSTEM32\WINHTTP.dll
0x00007fff3bb90000 - 0x00007fff3bbfb000 	C:\WINDOWS\system32\mswsock.dll
0x00007ffed42b0000 - 0x00007ffed42c6000 	C:\Users\anujp\OneDrive\Documents\eclipse-jee-2025-09-R-win32-x86_64\eclipse\plugins\org.eclipse.justj.openjdk.hotspot.jre.full.win32.x86_64_21.0.8.v20250724-1412\jre\bin\nio.dll
0x00007ffef5cc0000 - 0x00007ffef5cca000 	C:\Users\anujp\OneDrive\Documents\eclipse-jee-2025-09-R-win32-x86_64\eclipse\plugins\org.eclipse.justj.openjdk.hotspot.jre.full.win32.x86_64_21.0.8.v20250724-1412\jre\bin\management.dll
0x00007ffef5cb0000 - 0x00007ffef5cbb000 	C:\Users\anujp\OneDrive\Documents\eclipse-jee-2025-09-R-win32-x86_64\eclipse\plugins\org.eclipse.justj.openjdk.hotspot.jre.full.win32.x86_64_21.0.8.v20250724-1412\jre\bin\management_ext.dll
0x00007fff3f6a0000 - 0x00007fff3f6a8000 	C:\WINDOWS\System32\PSAPI.DLL
0x00007ffedd250000 - 0x00007ffedd25e000 	C:\Users\anujp\OneDrive\Documents\eclipse-jee-2025-09-R-win32-x86_64\eclipse\plugins\org.eclipse.justj.openjdk.hotspot.jre.full.win32.x86_64_21.0.8.v20250724-1412\jre\bin\sunmscapi.dll
0x00007fff3cea0000 - 0x00007fff3d017000 	C:\WINDOWS\System32\CRYPT32.dll
0x00007fff3c080000 - 0x00007fff3c0b0000 	C:\WINDOWS\SYSTEM32\ncrypt.dll
0x00007fff3c030000 - 0x00007fff3c06f000 	C:\WINDOWS\SYSTEM32\NTASN1.dll
0x00007fff3be60000 - 0x00007fff3be7b000 	C:\WINDOWS\SYSTEM32\CRYPTSP.dll
0x00007fff3b580000 - 0x00007fff3b5b9000 	C:\WINDOWS\system32\rsaenh.dll
0x00007fff3bc40000 - 0x00007fff3bc6b000 	C:\WINDOWS\SYSTEM32\USERENV.dll
0x00007fff3c770000 - 0x00007fff3c79a000 	C:\WINDOWS\SYSTEM32\bcrypt.dll
0x00007fff3be80000 - 0x00007fff3be8c000 	C:\WINDOWS\SYSTEM32\CRYPTBASE.dll
0x00007fff3b040000 - 0x00007fff3b074000 	C:\WINDOWS\SYSTEM32\IPHLPAPI.DLL
0x00007fff3ff50000 - 0x00007fff3ff5a000 	C:\WINDOWS\System32\NSI.dll
0x00007fff3b0d0000 - 0x00007fff3b1fc000 	C:\WINDOWS\SYSTEM32\DNSAPI.dll
0x00007fff30c90000 - 0x00007fff30c9b000 	C:\Windows\System32\rasadhlp.dll
0x00007fff31dd0000 - 0x00007fff31e56000 	C:\WINDOWS\System32\fwpuclnt.dll
0x00007ffef78b0000 - 0x00007ffef78b9000 	C:\Users\anujp\OneDrive\Documents\eclipse-jee-2025-09-R-win32-x86_64\eclipse\plugins\org.eclipse.justj.openjdk.hotspot.jre.full.win32.x86_64_21.0.8.v20250724-1412\jre\bin\extnet.dll
0x00007ffefef50000 - 0x00007ffefef58000 	C:\WINDOWS\system32\wshunix.dll

JVMTI agents: none

dbghelp: loaded successfully - version: 4.0.5 - missing functions: none
symbol engine: initialized successfully - sym options: 0x614 - pdb path: .;C:\Users\anujp\OneDrive\Documents\eclipse-jee-2025-09-R-win32-x86_64\eclipse\plugins\org.eclipse.justj.openjdk.hotspot.jre.full.win32.x86_64_21.0.8.v20250724-1412\jre\bin;C:\WINDOWS\SYSTEM32;C:\WINDOWS\WinSxS\amd64_microsoft.windows.common-controls_6595b64144ccf1df_6.0.26100.7824_none_3e0870b2e3345462;C:\Users\anujp\OneDrive\Documents\eclipse-jee-2025-09-R-win32-x86_64\eclipse\plugins\org.eclipse.justj.openjdk.hotspot.jre.full.win32.x86_64_21.0.8.v20250724-1412\jre\bin\server

VM Arguments:
jvm_args: -Dfile.encoding=UTF-8 -Dstdout.encoding=UTF-8 -Dstderr.encoding=UTF-8 -XX:+ShowCodeDetailsInExceptionMessages 
java_command: com.anuj.EcommerceApplication
java_class_path (initial): C:\Users\anujp\Downloads\ecommerce\ecommerce\target\classes;C:\Users\anujp\.m2\repository\org\springframework\boot\spring-boot-starter-data-jpa\4.0.2\spring-boot-starter-data-jpa-4.0.2.jar;C:\Users\anujp\.m2\repository\org\springframework\boot\spring-boot-starter\4.0.2\spring-boot-starter-4.0.2.jar;C:\Users\anujp\.m2\repository\org\springframework\boot\spring-boot-starter-logging\4.0.2\spring-boot-starter-logging-4.0.2.jar;C:\Users\anujp\.m2\repository\ch\qos\logback\logback-classic\1.5.25\logback-classic-1.5.25.jar;C:\Users\anujp\.m2\repository\ch\qos\logback\logback-core\1.5.25\logback-core-1.5.25.jar;C:\Users\anujp\.m2\repository\org\apache\logging\log4j\log4j-to-slf4j\2.25.3\log4j-to-slf4j-2.25.3.jar;C:\Users\anujp\.m2\repository\org\apache\logging\log4j\log4j-api\2.25.3\log4j-api-2.25.3.jar;C:\Users\anujp\.m2\repository\org\slf4j\jul-to-slf4j\2.0.17\jul-to-slf4j-2.0.17.jar;C:\Users\anujp\.m2\repository\jakarta\annotation\jakarta.annotation-api\3.0.0\jakarta.annotation-api-3.0.0.jar;C:\Users\anujp\.m2\repository\org\yaml\snakeyaml\2.5\snakeyaml-2.5.jar;C:\Users\anujp\.m2\repository\org\springframework\boot\spring-boot-starter-jdbc\4.0.2\spring-boot-starter-jdbc-4.0.2.jar;C:\Users\anujp\.m2\repository\com\zaxxer\HikariCP\7.0.2\HikariCP-7.0.2.jar;C:\Users\anujp\.m2\repository\org\slf4j\slf4j-api\2.0.17\slf4j-api-2.0.17.jar;C:\Users\anujp\.m2\repository\org\springframework\boot\spring-boot-data-jpa\4.0.2\spring-boot-data-jpa-4.0.2.jar;C:\Users\anujp\.m2\repository\org\springframework\boot\spring-boot-data-commons\4.0.2\spring-boot-data-commons-4.0.2.jar;C:\Users\anujp\.m2\repository\org\springframework\boot\spring-boot-persistence\4.0.2\spring-boot-persistence-4.0.2.jar;C:\Users\anujp\.m2\repository\org\springframework\data\spring-data-commons\4.0.2\spring-data-commons-4.0.2.jar;C:\Users\anujp\.m2\repository\org\springframework\boot\spring-boot-hibernate\4.0.2\spring-boot-hibernate-4.0.2.jar;C:\Users\anujp\.m2\repository\org\springframework\boot\spring-boot-jpa\4.0.2\spring-boot-jpa-4.0.2.jar;C:\Users\anujp\.m2\repository\jakarta\persistence\jakarta.persistence-api\3.2.0\jakarta.persistence-api-3.2.0.jar;C:\Users\anujp\.m2\repository\org\hibernate\orm\hibernate-core\7.2.1.Final\hibernate-core-7.2.1.Final.jar;C:\Users\anujp\.m2\repository\jakarta\transaction\jakarta.transaction-api\2.0.1\jakarta.transaction-api-2.0.1.jar;C:\Users\anujp\.m2\repository\org\hibernate\models\hibernate-models\1.0.1\hibernate-models-1.0.1.jar;C:\Users\anujp\.m2\repository\org\glassfish\jaxb\jaxb-runtime\4.0.6\jaxb-runtime-4.0.6.jar;C:\Users\anujp\.m2\repository\org\glassfish\jaxb\jaxb-core\4.0.6\jaxb-core-4.0.6.jar;C:\Users\anujp\.m2\repository\org\eclipse\angus\angus-activation\2.0.3\angus-activation-2.0.3.jar;C:\Users\anujp\.m2\repository\org\glassfish\jaxb\txw2\4.0.6\txw2-4.0.6.jar;C:\Users\anujp\.m2\repository\com\sun\istack\istack-commons-runtime\4.1.2\istack-commons-runtime-4.1.2.jar;C:\Users\anujp\.m2\repository\jakarta\inject\jakarta.inject-api\2.0.1\jakarta.inject-api-2.0.1.jar;C:\Users\anujp\.m2\repository\org\springframework\spring-orm\7.0.3\spring-orm-7.0.3.jar;C:\Users\anujp\.m2\repository\org\springframework\data\spring-data-jpa\4.0.2\spring-data-jpa-4.0.2.jar;C:\Users\anujp\.m2\repository\org\springframework\spring-tx\7.0.3\spring-tx-7.0.3.jar;C:\Users\anujp\.m2\repository\org\antlr\antlr4-runtime\4.13.2\antlr4-runtime-4.13.2.jar;C:\Users\anujp\.m2\repository\org\springframework\spring-aspects\7.0.3\spring-aspects-7.0.3.jar;C:\Users\anujp\.m2\repository\org\aspectj\aspectjweaver\1.9.25.1\aspectjweaver-1.9.25.1.jar;C:\Users\anujp\.m2\repository\org\springframework\boot\spring-boot-jdbc\4.0.2\spring-boot-jdbc-4.0.2.jar;C:\Users\anujp\.m2\repository\org\springframework\boot\spring-boot-sql\4.0.2\spring-boot-sql-4.0.2.jar;C:\Users\anujp\.m2\repository\org\springframework\boot\spring-boot-transaction\4.0.2\spring-boot-transaction-4.0.2.jar;C:\Users\anujp\.m2\repository\org\springframework\spring-jdbc\7.0.3\spring-jdbc-7.0.3.jar;C:\Users\anujp\.m2\repository\org\springframework\boot\spring-boot-starter-security\4.0.2\spring-boot-starter-security-4.0.2.jar;C:\Users\anujp\.m2\repository\org\springframework\boot\spring-boot-security\4.0.2\spring-boot-security-4.0.2.jar;C:\Users\anujp\.m2\repository\org\springframework\security\spring-security-config\7.0.2\spring-security-config-7.0.2.jar;C:\Users\anujp\.m2\repository\org\springframework\security\spring-security-core\7.0.2\spring-security-core-7.0.2.jar;C:\Users\anujp\.m2\repository\org\springframework\security\spring-security-crypto\7.0.2\spring-security-crypto-7.0.2.jar;C:\Users\anujp\.m2\repository\org\springframework\security\spring-security-web\7.0.2\spring-security-web-7.0.2.jar;C:\Users\anujp\.m2\repository\org\springframework\spring-expression\7.0.3\spring-expression-7.0.3.jar;C:\Users\anujp\.m2\repository\org\springframework\spring-aop\7.0.3\spring-aop-7.0.3.jar;C:\Users\anujp\.m2\repository\org\springframework\spring-beans\7.0.3\spring-beans-7.0.3.jar;C:\Users\anujp\.m2\repository\org\springframework\spring-core\7.0.3\spring-core-7.0.3.jar;C:\Users\anujp\.m2\repository\commons-logging\commons-logging\1.3.5\commons-logging-1.3.5.jar;C:\Users\anujp\.m2\repository\org\jspecify\jspecify\1.0.0\jspecify-1.0.0.jar;C:\Users\anujp\.m2\repository\org\springframework\boot\spring-boot-starter-validation\4.0.2\spring-boot-starter-validation-4.0.2.jar;C:\Users\anujp\.m2\repository\org\springframework\boot\spring-boot-validation\4.0.2\spring-boot-validation-4.0.2.jar;C:\Users\anujp\.m2\repository\org\apache\tomcat\embed\tomcat-embed-el\11.0.15\tomcat-embed-el-11.0.15.jar;C:\Users\anujp\.m2\repository\org\hibernate\validator\hibernate-validator\9.0.1.Final\hibernate-validator-9.0.1.Final.jar;C:\Users\anujp\.m2\repository\jakarta\validation\jakarta.validation-api\3.1.1\jakarta.validation-api-3.1.1.jar;C:\Users\anujp\.m2\repository\org\jboss\logging\jboss-logging\3.6.1.Final\jboss-logging-3.6.1.Final.jar;C:\Users\anujp\.m2\repository\com\fasterxml\classmate\1.7.3\classmate-1.7.3.jar;C:\Users\anujp\.m2\repository\org\springframework\boot\spring-boot-starter-webmvc\4.0.2\spring-boot-starter-webmvc-4.0.2.jar;C:\Users\anujp\.m2\repository\org\springframework\boot\spring-boot-starter-jackson\4.0.2\spring-boot-starter-jackson-4.0.2.jar;C:\Users\anujp\.m2\repository\org\springframework\boot\spring-boot-jackson\4.0.2\spring-boot-jackson-4.0.2.jar;C:\Users\anujp\.m2\repository\tools\jackson\core\jackson-databind\3.0.4\jackson-databind-3.0.4.jar;C:\Users\anujp\.m2\repository\tools\jackson\core\jackson-core\3.0.4\jackson-core-3.0.4.jar;C:\Users\anujp\.m2\repository\org\springframework\boot\spring-boot-starter-tomcat\4.0.2\spring-boot-starter-tomcat-4.0.2.jar;C:\Users\anujp\.m2\repository\org\springframework\boot\spring-boot-starter-tomcat-runtime\4.0.2\spring-boot-starter-tomcat-runtime-4.0.2.jar;C:\Users\anujp\.m2\repository\org\apache\tomcat\embed\tomcat-embed-core\11.0.15\tomcat-embed-core-11.0.15.jar;C:\Users\anujp\.m2\repository\org\apache\tomcat\embed\tomcat-embed-websocket\11.0.15\tomcat-embed-websocket-11.0.15.jar;C:\Users\anujp\.m2\repository\org\springframework\boot\spring-boot-tomcat\4.0.2\spring-boot-tomcat-4.0.2.jar;C:\Users\anujp\.m2\repository\org\springframework\boot\spring-boot-http-converter\4.0.2\spring-boot-http-converter-4.0.2.jar;C:\Users\anujp\.m2\repository\org\springframework\spring-web\7.0.3\spring-web-7.0.3.jar;C:\Users\anujp\.m2\repository\io\micrometer\micrometer-observation\1.16.2\micrometer-observation-1.16.2.jar;C:\Users\anujp\.m2\repository\io\micrometer\micrometer-commons\1.16.2\micrometer-commons-1.16.2.jar;C:\Users\anujp\.m2\repository\org\springframework\boot\spring-boot-webmvc\4.0.2\spring-boot-webmvc-4.0.2.jar;C:\Users\anujp\.m2\repository\org\springframework\boot\spring-boot-servlet\4.0.2\spring-boot-servlet-4.0.2.jar;C:\Users\anujp\.m2\repository\org\springframework\spring-webmvc\7.0.3\spring-webmvc-7.0.3.jar;C:\Users\anujp\.m2\repository\org\springframework\boot\spring-boot-devtools\4.0.2\spring-boot-devtools-4.0.2.jar;C:\Users\anujp\.m2\repository\org\springframework\boot\spring-boot\4.0.2\spring-boot-4.0.2.jar;C:\Users\anujp\.m2\repository\org\springframework\spring-context\7.0.3\spring-context-7.0.3.jar;C:\Users\anujp\.m2\repository\org\springframework\boot\spring-boot-autoconfigure\4.0.2\spring-boot-autoconfigure-4.0.2.jar;C:\Users\anujp\.m2\repository\com\mysql\mysql-connector-j\9.5.0\mysql-connector-j-9.5.0.jar;C:\Users\anujp\.m2\repository\jakarta\xml\bind\jakarta.xml.bind-api\4.0.4\jakarta.xml.bind-api-4.0.4.jar;C:\Users\anujp\.m2\repository\jakarta\activation\jakarta.activation-api\2.1.4\jakarta.activation-api-2.1.4.jar;C:\Users\anujp\.m2\repository\net\bytebuddy\byte-buddy\1.17.8\byte-buddy-1.17.8.jar;C:\Users\anujp\.m2\repository\org\springframework\boot\spring-boot-web-server\4.0.2\spring-boot-web-server-4.0.2.jar;C:\Users\anujp\.m2\repository\io\jsonwebtoken\jjwt-api\0.11.1\jjwt-api-0.11.1.jar;C:\Users\anujp\.m2\repository\io\jsonwebtoken\jjwt-impl\0.11.1\jjwt-impl-0.11.1.jar;C:\Users\anujp\.m2\repository\io\jsonwebtoken\jjwt-jackson\0.11.1\jjwt-jackson-0.11.1.jar;C:\Users\anujp\.m2\repository\com\fasterxml\jackson\core\jackson-databind\2.20.2\jackson-databind-2.20.2.jar;C:\Users\anujp\.m2\repository\com\fasterxml\jackson\core\jackson-annotations\2.20\jackson-annotations-2.20.jar;C:\Users\anujp\.m2\repository\com\fasterxml\jackson\core\jackson-core\2.20.2\jackson-core-2.20.2.jar
Launcher Type: SUN_STANDARD

[Global flags]
     intx CICompilerCount                          = 4                                         {product} {ergonomic}
     uint ConcGCThreads                            = 3                                         {product} {ergonomic}
     uint G1ConcRefinementThreads                  = 10                                        {product} {ergonomic}
   size_t G1HeapRegionSize                         = 1048576                                   {product} {ergonomic}
    uintx GCDrainStackTargetSize                   = 64                                        {product} {ergonomic}
   size_t InitialHeapSize                          = 123731968                                 {product} {ergonomic}
   size_t MarkStackSize                            = 4194304                                   {product} {ergonomic}
   size_t MaxHeapSize                              = 1973420032                                {product} {ergonomic}
   size_t MaxNewSize                               = 1183842304                                {product} {ergonomic}
   size_t MinHeapDeltaBytes                        = 1048576                                   {product} {ergonomic}
   size_t MinHeapSize                              = 8388608                                   {product} {ergonomic}
    uintx NonNMethodCodeHeapSize                   = 5839372                                {pd product} {ergonomic}
    uintx NonProfiledCodeHeapSize                  = 122909434                              {pd product} {ergonomic}
    uintx ProfiledCodeHeapSize                     = 122909434                              {pd product} {ergonomic}
    uintx ReservedCodeCacheSize                    = 251658240                              {pd product} {ergonomic}
     bool SegmentedCodeCache                       = true                                      {product} {ergonomic}
     bool ShowCodeDetailsInExceptionMessages       = true                                   {manageable} {command line}
   size_t SoftMaxHeapSize                          = 1973420032                             {manageable} {ergonomic}
     bool UseCompressedOops                        = true                           {product lp64_product} {ergonomic}
     bool UseG1GC                                  = true                                      {product} {ergonomic}
     bool UseLargePagesIndividualAllocation        = false                                  {pd product} {ergonomic}

Logging:
Log output configuration:
 #0: stdout all=warning uptime,level,tags foldmultilines=false
 #1: stderr all=off uptime,level,tags foldmultilines=false

Environment Variables:
PATH=C:/Users/anujp/OneDrive/Documents/eclipse-jee-2025-09-R-win32-x86_64/eclipse//plugins/org.eclipse.justj.openjdk.hotspot.jre.full.win32.x86_64_21.0.8.v20250724-1412/jre/bin/server;C:/Users/anujp/OneDrive/Documents/eclipse-jee-2025-09-R-win32-x86_64/eclipse//plugins/org.eclipse.justj.openjdk.hotspot.jre.full.win32.x86_64_21.0.8.v20250724-1412/jre/bin;C:\Program Files\Common Files\Oracle\Java\javapath;C:\windows\system32;C:\windows;C:\windows\System32\Wbem;C:\windows\System32\WindowsPowerShell\v1.0\;C:\windows\System32\OpenSSH\;C:\Program Files (x86)\NVIDIA Corporation\PhysX\Common;C:\Program Files\NVIDIA Corporation\NVIDIA NvDLISR;C:\Program Files\Java\jdk-19\bin\anuj;C:\WINDOWS\system32;C:\WINDOWS;C:\WINDOWS\System32\Wbem;C:\WINDOWS\System32\WindowsPowerShell\v1.0\;C:\WINDOWS\System32\OpenSSH\;C:\Program Files\Java\jdk-21\bin;;C:\Program Files\HP\HP One Agent;C:\WINDOWS\system32;C:\WINDOWS;C:\WINDOWS\System32\Wbem;C:\WINDOWS\System32\WindowsPowerShell\v1.0\;C:\WINDOWS\System32\OpenSSH\;C:\Program Files\nodejs\;C:\Program Files\MySQL\MySQL Shell 8.0\bin\;C:\Users\anujp\AppData\Local\Programs\Python\Python312\Scripts\;C:\Users\anujp\AppData\Local\Programs\Python\Python312\;C:\Users\anujp\AppData\Local\Programs\Python\Launcher\;C:\Program Files\Common Files\Oracle\Java\javapath;C:\windows\system32;C:\windows;C:\windows\System32\Wbem;C:\windows\System32\WindowsPowerShell\v1.0\;C:\windows\System32\OpenSSH\;C:\Program Files (x86)\NVIDIA Corporation\PhysX\Common;C:\Program Files\NVIDIA Corporation\NVIDIA NvDLISR;C:\Program Files\Java\jdk-19\bin\anuj;C:\WINDOWS\system32;C:\WINDOWS;C:\WINDOWS\System32\Wbem;C:\WINDOWS\System32\WindowsPowerShell\v1.0\;C:\WINDOWS\System32\OpenSSH\;C:\Users\anujp\AppData\Local\Microsoft\WindowsApps;C:\Users\anujp\AppData\Local\Programs\Microsoft VS Code\bin;C:\Program Files\Java\jdk-20\bin;%JAVA_HOME%\bin;C:\Program Files\Java\jdk-21\bin;;C:\Users\anujp\AppData\Local\Microsoft\WindowsApps;C:\Users\anujp\AppData\Roaming\npm;C:\Users\anujp\OneDrive\Documents\eclipse-jee-2025-09-R-win32-x86_64\eclipse;
USERNAME=anujp
OS=Windows_NT
PROCESSOR_IDENTIFIER=AMD64 Family 25 Model 80 Stepping 0, AuthenticAMD
TMP=C:\Users\anujp\AppData\Local\Temp
TEMP=C:\Users\anujp\AppData\Local\Temp




Periodic native trim disabled

---------------  S Y S T E M  ---------------

OS:
 Windows 11 , 64 bit Build 26100 (10.0.26100.7705)
OS uptime: 0 days 0:28 hours

CPU: total 12 (initial active 12) (12 cores per cpu, 2 threads per core) family 25 model 80 stepping 0 microcode 0xa50000d, cx8, cmov, fxsr, ht, mmx, 3dnowpref, sse, sse2, sse3, ssse3, sse4a, sse4.1, sse4.2, popcnt, lzcnt, tsc, tscinvbit, avx, avx2, aes, erms, clmul, bmi1, bmi2, adx, sha, fma, vzeroupper, clflush, clflushopt, rdtscp, rdpid, fsrm, f16c, pku, cet_ss
Processor Information for processor 0
  Max Mhz: 3301, Current Mhz: 3301, Mhz Limit: 3301
Processor Information for processor 1
  Max Mhz: 3301, Current Mhz: 2630, Mhz Limit: 3301
Processor Information for processor 2
  Max Mhz: 3301, Current Mhz: 3301, Mhz Limit: 3301
Processor Information for processor 3
  Max Mhz: 3301, Current Mhz: 2630, Mhz Limit: 3301
Processor Information for processor 4
  Max Mhz: 3301, Current Mhz: 2630, Mhz Limit: 3301
Processor Information for processor 5
  Max Mhz: 3301, Current Mhz: 2630, Mhz Limit: 3301
Processor Information for processor 6
  Max Mhz: 3301, Current Mhz: 2630, Mhz Limit: 3301
Processor Information for processor 7
  Max Mhz: 3301, Current Mhz: 3301, Mhz Limit: 3301
Processor Information for processor 8
  Max Mhz: 3301, Current Mhz: 3301, Mhz Limit: 3301
Processor Information for processor 9
  Max Mhz: 3301, Current Mhz: 2630, Mhz Limit: 3301
Processor Information for processor 10
  Max Mhz: 3301, Current Mhz: 2630, Mhz Limit: 3301
Processor Information for processor 11
  Max Mhz: 3301, Current Mhz: 3301, Mhz Limit: 3301

Memory: 4k page, system-wide physical 7521M (57M free)
TotalPageFile size 31073M (AvailPageFile size 2M)
current process WorkingSet (physical memory assigned to process): 273M, peak: 410M
current process commit charge ("private bytes"): 459M, peak: 508M

vm_info: OpenJDK 64-Bit Server VM (21.0.8+9-LTS) for windows-amd64 JRE (21.0.8+9-LTS), built on 2025-07-15T00:00:00Z by "admin" with MS VC++ 17.7 (VS2022)

END.
